2019-03-18 15:47:35,795 [INFO] from play.api.db.DefaultDBApi in play-dev-mode-akka.actor.default-dispatcher-3 - Database [default] initialized at jdbc:h2:file:./data/productsDB
2019-03-18 15:47:35,799 [INFO] from application in play-dev-mode-akka.actor.default-dispatcher-3 - Creating Pool for datasource 'default'
2019-03-18 15:47:36,399 [INFO] from application in play-dev-mode-akka.actor.default-dispatcher-3 - ApplicationTimer demo: Starting application at 2019-03-18T15:47:36.399Z
2019-03-18 15:47:36,564 [WARN] from org.hibernate.validator.messageinterpolation.ParameterMessageInterpolator in play-dev-mode-akka.actor.default-dispatcher-3 - HV000184: ParameterMessageInterpolator has been chosen, EL interpolation will not be supported
2019-03-18 15:47:36,695 [INFO] from play.api.http.EnabledFilters in play-dev-mode-akka.actor.default-dispatcher-3 - Enabled Filters (see <https://www.playframework.com/documentation/latest/Filters>):

    play.filters.csrf.CSRFFilter
    play.filters.headers.SecurityHeadersFilter
    play.filters.hosts.AllowedHostsFilter
    filters.ExampleFilter

2019-03-18 15:47:36,697 [INFO] from play.api.Play in play-dev-mode-akka.actor.default-dispatcher-3 - Application started (Dev)
2019-03-18 15:47:54,603 [WARN] from application in application-akka.actor.default-dispatcher-6 - The "validate" method in class "models.users.Login" is deprecated since Play 2.6. To migrate to class-level constraints see https://www.playframework.com/documentation/2.6.x/Migration26#java-form-changes and https://www.playframework.com/documentation/2.6.x/JavaForms#Advanced-validation
2019-03-18 15:49:34,292 [INFO] from application in application-akka.actor.default-dispatcher-9 - ApplicationTimer demo: Stopping application at 2019-03-18T15:49:34.292Z after 118s.
2019-03-18 15:49:34,293 [INFO] from application in application-akka.actor.default-dispatcher-9 - Shutting down connection pool.
2019-03-18 15:49:34,420 [INFO] from play.api.db.DefaultDBApi in play-dev-mode-akka.actor.default-dispatcher-18 - Database [default] initialized at jdbc:h2:file:./data/productsDB
2019-03-18 15:49:34,420 [INFO] from application in play-dev-mode-akka.actor.default-dispatcher-18 - Creating Pool for datasource 'default'
2019-03-18 15:49:34,499 [INFO] from application in play-dev-mode-akka.actor.default-dispatcher-18 - ApplicationTimer demo: Starting application at 2019-03-18T15:49:34.499Z
2019-03-18 15:49:34,513 [WARN] from org.hibernate.validator.messageinterpolation.ParameterMessageInterpolator in play-dev-mode-akka.actor.default-dispatcher-18 - HV000184: ParameterMessageInterpolator has been chosen, EL interpolation will not be supported
2019-03-18 15:49:34,589 [INFO] from play.api.http.EnabledFilters in play-dev-mode-akka.actor.default-dispatcher-18 - Enabled Filters (see <https://www.playframework.com/documentation/latest/Filters>):

    play.filters.csrf.CSRFFilter
    play.filters.headers.SecurityHeadersFilter
    play.filters.hosts.AllowedHostsFilter
    filters.ExampleFilter

2019-03-18 15:49:34,589 [INFO] from play.api.Play in play-dev-mode-akka.actor.default-dispatcher-18 - Application started (Dev)
2019-03-18 15:51:31,700 [INFO] from application in application-akka.actor.default-dispatcher-8 - ApplicationTimer demo: Stopping application at 2019-03-18T15:51:31.700Z after 117s.
2019-03-18 15:51:31,700 [INFO] from application in application-akka.actor.default-dispatcher-8 - Shutting down connection pool.
2019-03-18 15:51:31,821 [INFO] from play.api.db.DefaultDBApi in play-dev-mode-akka.actor.default-dispatcher-17 - Database [default] initialized at jdbc:h2:file:./data/productsDB
2019-03-18 15:51:31,821 [INFO] from application in play-dev-mode-akka.actor.default-dispatcher-17 - Creating Pool for datasource 'default'
2019-03-18 15:51:31,898 [INFO] from application in play-dev-mode-akka.actor.default-dispatcher-17 - ApplicationTimer demo: Starting application at 2019-03-18T15:51:31.898Z
2019-03-18 15:51:31,909 [WARN] from org.hibernate.validator.messageinterpolation.ParameterMessageInterpolator in play-dev-mode-akka.actor.default-dispatcher-17 - HV000184: ParameterMessageInterpolator has been chosen, EL interpolation will not be supported
2019-03-18 15:51:31,976 [INFO] from play.api.http.EnabledFilters in play-dev-mode-akka.actor.default-dispatcher-17 - Enabled Filters (see <https://www.playframework.com/documentation/latest/Filters>):

    play.filters.csrf.CSRFFilter
    play.filters.headers.SecurityHeadersFilter
    play.filters.hosts.AllowedHostsFilter
    filters.ExampleFilter

2019-03-18 15:51:31,976 [INFO] from play.api.Play in play-dev-mode-akka.actor.default-dispatcher-17 - Application started (Dev)
2019-03-18 15:52:23,951 [ERROR] from application in application-akka.actor.default-dispatcher-4 - 

! @7b90a9emh - Internal server error, for (GET) [/employees] ->
 
play.api.http.HttpErrorHandlerExceptions$$anon$1: Execution exception[[CompletionException: java.lang.NullPointerException]]
	at play.api.http.HttpErrorHandlerExceptions$.throwableToUsefulException(HttpErrorHandler.scala:251)
	at play.api.http.DefaultHttpErrorHandler.onServerError(HttpErrorHandler.scala:178)
	at play.core.server.AkkaHttpServer$$anonfun$1.applyOrElse(AkkaHttpServer.scala:382)
	at play.core.server.AkkaHttpServer$$anonfun$1.applyOrElse(AkkaHttpServer.scala:380)
	at scala.concurrent.Future.$anonfun$recoverWith$1(Future.scala:417)
	at scala.concurrent.impl.Promise.$anonfun$transformWith$1(Promise.scala:41)
	at scala.concurrent.impl.CallbackRunnable.run(Promise.scala:64)
	at akka.dispatch.BatchingExecutor$AbstractBatch.processBatch(BatchingExecutor.scala:55)
	at akka.dispatch.BatchingExecutor$BlockableBatch.$anonfun$run$1(BatchingExecutor.scala:91)
	at scala.runtime.java8.JFunction0$mcV$sp.apply(JFunction0$mcV$sp.java:23)
	at scala.concurrent.BlockContext$.withBlockContext(BlockContext.scala:85)
	at akka.dispatch.BatchingExecutor$BlockableBatch.run(BatchingExecutor.scala:91)
	at akka.dispatch.TaskInvocation.run(AbstractDispatcher.scala:40)
	at akka.dispatch.ForkJoinExecutorConfigurator$AkkaForkJoinTask.exec(ForkJoinExecutorConfigurator.scala:44)
	at akka.dispatch.forkjoin.ForkJoinTask.doExec(ForkJoinTask.java:260)
	at akka.dispatch.forkjoin.ForkJoinPool$WorkQueue.runTask(ForkJoinPool.java:1339)
	at akka.dispatch.forkjoin.ForkJoinPool.runWorker(ForkJoinPool.java:1979)
	at akka.dispatch.forkjoin.ForkJoinWorkerThread.run(ForkJoinWorkerThread.java:107)
Caused by: java.util.concurrent.CompletionException: java.lang.NullPointerException
	at java.util.concurrent.CompletableFuture.encodeThrowable(CompletableFuture.java:292)
	at java.util.concurrent.CompletableFuture.completeThrowable(CompletableFuture.java:308)
	at java.util.concurrent.CompletableFuture.uniApply(CompletableFuture.java:593)
	at java.util.concurrent.CompletableFuture$UniApply.tryFire(CompletableFuture.java:577)
	at java.util.concurrent.CompletableFuture.uniApplyStage(CompletableFuture.java:617)
	at java.util.concurrent.CompletableFuture.thenApplyAsync(CompletableFuture.java:1993)
	at java.util.concurrent.CompletableFuture.thenApplyAsync(CompletableFuture.java:110)
	at play.libs.streams.Accumulator$StrictAccumulator.lambda$map$0(Accumulator.java:362)
	at java.util.function.Function.lambda$andThen$1(Function.java:88)
	at java.util.function.Function.lambda$andThen$1(Function.java:88)
	at play.libs.streams.Accumulator$StrictAccumulator$1.apply(Accumulator.java:403)
	at play.libs.streams.Accumulator$StrictAccumulator$1.apply(Accumulator.java:400)
	at scala.Function1.$anonfun$andThen$1(Function1.scala:57)
	at play.api.libs.streams.StrictAccumulator.run(Accumulator.scala:207)
	at play.core.server.AkkaHttpServer.$anonfun$runAction$4(AkkaHttpServer.scala:376)
	at akka.http.scaladsl.util.FastFuture$.strictTransform$1(FastFuture.scala:41)
	at akka.http.scaladsl.util.FastFuture$.$anonfun$transformWith$3(FastFuture.scala:51)
	... 12 common frames omitted
Caused by: java.lang.NullPointerException: null
	at views.html.employees$.$anonfun$apply$1(employees.template.scala:91)
	at scala.collection.TraversableLike.$anonfun$map$1(TraversableLike.scala:237)
	at scala.collection.Iterator.foreach(Iterator.scala:941)
	at scala.collection.Iterator.foreach$(Iterator.scala:941)
	at scala.collection.AbstractIterator.foreach(Iterator.scala:1429)
	at scala.collection.IterableLike.foreach(IterableLike.scala:74)
	at scala.collection.IterableLike.foreach$(IterableLike.scala:73)
	at scala.collection.AbstractIterable.foreach(Iterable.scala:56)
	at scala.collection.TraversableLike.map(TraversableLike.scala:237)
	at scala.collection.TraversableLike.map$(TraversableLike.scala:230)
	at scala.collection.AbstractTraversable.map(Traversable.scala:108)
	at views.html.employees$.apply(employees.template.scala:77)
	at views.html.employees$.render(employees.template.scala:129)
	at views.html.employees.render(employees.template.scala)
	at controllers.HomeController.usersEmployees(HomeController.java:221)
	at router.Routes$$anonfun$routes$1.$anonfun$applyOrElse$22(Routes.scala:526)
	at play.core.routing.HandlerInvokerFactory$$anon$6.resultCall(HandlerInvoker.scala:134)
	at play.core.routing.HandlerInvokerFactory$$anon$6.resultCall(HandlerInvoker.scala:133)
	at play.core.routing.HandlerInvokerFactory$JavaActionInvokerFactory$$anon$3$$anon$4$$anon$5.invocation(HandlerInvoker.scala:108)
	at play.core.j.JavaAction$$anon$1.call(JavaAction.scala:88)
	at play.http.DefaultActionCreator$1.call(DefaultActionCreator.java:31)
	at play.core.j.JavaAction.$anonfun$apply$8(JavaAction.scala:138)
	at scala.concurrent.Future$.$anonfun$apply$1(Future.scala:658)
	at scala.util.Success.$anonfun$map$1(Try.scala:255)
	at scala.util.Success.map(Try.scala:213)
	at scala.concurrent.Future.$anonfun$map$1(Future.scala:292)
	at scala.concurrent.impl.Promise.liftedTree1$1(Promise.scala:33)
	at scala.concurrent.impl.Promise.$anonfun$transform$1(Promise.scala:33)
	at scala.concurrent.impl.CallbackRunnable.run(Promise.scala:64)
	at play.core.j.HttpExecutionContext$$anon$2.run(HttpExecutionContext.scala:56)
	at play.api.libs.streams.Execution$trampoline$.execute(Execution.scala:70)
	at play.core.j.HttpExecutionContext.execute(HttpExecutionContext.scala:48)
	at scala.concurrent.impl.CallbackRunnable.executeWithValue(Promise.scala:72)
	at scala.concurrent.impl.Promise$KeptPromise$Kept.onComplete(Promise.scala:372)
	at scala.concurrent.impl.Promise$KeptPromise$Kept.onComplete$(Promise.scala:371)
	at scala.concurrent.impl.Promise$KeptPromise$Successful.onComplete(Promise.scala:379)
	at scala.concurrent.impl.Promise.transform(Promise.scala:33)
	at scala.concurrent.impl.Promise.transform$(Promise.scala:31)
	at scala.concurrent.impl.Promise$KeptPromise$Successful.transform(Promise.scala:379)
	at scala.concurrent.Future.map(Future.scala:292)
	at scala.concurrent.Future.map$(Future.scala:292)
	at scala.concurrent.impl.Promise$KeptPromise$Successful.map(Promise.scala:379)
	at scala.concurrent.Future$.apply(Future.scala:658)
	at play.core.j.JavaAction.apply(JavaAction.scala:138)
	at play.api.mvc.Action.$anonfun$apply$2(Action.scala:96)
	at play.api.libs.streams.StrictAccumulator.$anonfun$mapFuture$4(Accumulator.scala:174)
	at scala.util.Try$.apply(Try.scala:213)
	at play.api.libs.streams.StrictAccumulator.$anonfun$mapFuture$3(Accumulator.scala:174)
	at scala.Function1.$anonfun$andThen$1(Function1.scala:57)
	at scala.Function1.$anonfun$andThen$1(Function1.scala:57)
	at play.api.libs.streams.StrictAccumulator$$anon$1.apply(Accumulator.scala:218)
	at play.api.libs.streams.StrictAccumulator$$anon$1.apply(Accumulator.scala:217)
	... 21 common frames omitted
2019-03-18 15:53:09,054 [INFO] from application in application-akka.actor.default-dispatcher-7 - ApplicationTimer demo: Stopping application at 2019-03-18T15:53:09.054Z after 98s.
2019-03-18 15:53:09,055 [INFO] from application in application-akka.actor.default-dispatcher-7 - Shutting down connection pool.
2019-03-18 15:53:09,175 [INFO] from play.api.db.DefaultDBApi in play-dev-mode-akka.actor.default-dispatcher-2 - Database [default] initialized at jdbc:h2:file:./data/productsDB
2019-03-18 15:53:09,175 [INFO] from application in play-dev-mode-akka.actor.default-dispatcher-2 - Creating Pool for datasource 'default'
2019-03-18 15:53:09,240 [INFO] from application in play-dev-mode-akka.actor.default-dispatcher-2 - ApplicationTimer demo: Starting application at 2019-03-18T15:53:09.240Z
2019-03-18 15:53:09,250 [WARN] from org.hibernate.validator.messageinterpolation.ParameterMessageInterpolator in play-dev-mode-akka.actor.default-dispatcher-2 - HV000184: ParameterMessageInterpolator has been chosen, EL interpolation will not be supported
2019-03-18 15:53:09,315 [INFO] from play.api.http.EnabledFilters in play-dev-mode-akka.actor.default-dispatcher-2 - Enabled Filters (see <https://www.playframework.com/documentation/latest/Filters>):

    play.filters.csrf.CSRFFilter
    play.filters.headers.SecurityHeadersFilter
    play.filters.hosts.AllowedHostsFilter
    filters.ExampleFilter

2019-03-18 15:53:09,315 [INFO] from play.api.Play in play-dev-mode-akka.actor.default-dispatcher-2 - Application started (Dev)
2019-03-18 15:53:09,329 [ERROR] from application in application-akka.actor.default-dispatcher-3 - 

! @7b90ac401 - Internal server error, for (GET) [/employees] ->
 
play.api.http.HttpErrorHandlerExceptions$$anon$1: Execution exception[[CompletionException: java.lang.NullPointerException]]
	at play.api.http.HttpErrorHandlerExceptions$.throwableToUsefulException(HttpErrorHandler.scala:251)
	at play.api.http.DefaultHttpErrorHandler.onServerError(HttpErrorHandler.scala:178)
	at play.core.server.AkkaHttpServer$$anonfun$1.applyOrElse(AkkaHttpServer.scala:382)
	at play.core.server.AkkaHttpServer$$anonfun$1.applyOrElse(AkkaHttpServer.scala:380)
	at scala.concurrent.Future.$anonfun$recoverWith$1(Future.scala:417)
	at scala.concurrent.impl.Promise.$anonfun$transformWith$1(Promise.scala:41)
	at scala.concurrent.impl.CallbackRunnable.run(Promise.scala:64)
	at akka.dispatch.BatchingExecutor$AbstractBatch.processBatch(BatchingExecutor.scala:55)
	at akka.dispatch.BatchingExecutor$BlockableBatch.$anonfun$run$1(BatchingExecutor.scala:91)
	at scala.runtime.java8.JFunction0$mcV$sp.apply(JFunction0$mcV$sp.java:23)
	at scala.concurrent.BlockContext$.withBlockContext(BlockContext.scala:85)
	at akka.dispatch.BatchingExecutor$BlockableBatch.run(BatchingExecutor.scala:91)
	at akka.dispatch.TaskInvocation.run(AbstractDispatcher.scala:40)
	at akka.dispatch.ForkJoinExecutorConfigurator$AkkaForkJoinTask.exec(ForkJoinExecutorConfigurator.scala:44)
	at akka.dispatch.forkjoin.ForkJoinTask.doExec(ForkJoinTask.java:260)
	at akka.dispatch.forkjoin.ForkJoinPool$WorkQueue.runTask(ForkJoinPool.java:1339)
	at akka.dispatch.forkjoin.ForkJoinPool.runWorker(ForkJoinPool.java:1979)
	at akka.dispatch.forkjoin.ForkJoinWorkerThread.run(ForkJoinWorkerThread.java:107)
Caused by: java.util.concurrent.CompletionException: java.lang.NullPointerException
	at java.util.concurrent.CompletableFuture.encodeThrowable(CompletableFuture.java:292)
	at java.util.concurrent.CompletableFuture.completeThrowable(CompletableFuture.java:308)
	at java.util.concurrent.CompletableFuture.uniApply(CompletableFuture.java:593)
	at java.util.concurrent.CompletableFuture$UniApply.tryFire(CompletableFuture.java:577)
	at java.util.concurrent.CompletableFuture.uniApplyStage(CompletableFuture.java:617)
	at java.util.concurrent.CompletableFuture.thenApplyAsync(CompletableFuture.java:1993)
	at java.util.concurrent.CompletableFuture.thenApplyAsync(CompletableFuture.java:110)
	at play.libs.streams.Accumulator$StrictAccumulator.lambda$map$0(Accumulator.java:362)
	at java.util.function.Function.lambda$andThen$1(Function.java:88)
	at java.util.function.Function.lambda$andThen$1(Function.java:88)
	at play.libs.streams.Accumulator$StrictAccumulator$1.apply(Accumulator.java:403)
	at play.libs.streams.Accumulator$StrictAccumulator$1.apply(Accumulator.java:400)
	at scala.Function1.$anonfun$andThen$1(Function1.scala:57)
	at play.api.libs.streams.StrictAccumulator.run(Accumulator.scala:207)
	at play.core.server.AkkaHttpServer.$anonfun$runAction$4(AkkaHttpServer.scala:376)
	at akka.http.scaladsl.util.FastFuture$.strictTransform$1(FastFuture.scala:41)
	at akka.http.scaladsl.util.FastFuture$.$anonfun$transformWith$3(FastFuture.scala:51)
	... 12 common frames omitted
Caused by: java.lang.NullPointerException: null
	at views.html.employees$.$anonfun$apply$1(employees.template.scala:91)
	at scala.collection.TraversableLike.$anonfun$map$1(TraversableLike.scala:237)
	at scala.collection.Iterator.foreach(Iterator.scala:941)
	at scala.collection.Iterator.foreach$(Iterator.scala:941)
	at scala.collection.AbstractIterator.foreach(Iterator.scala:1429)
	at scala.collection.IterableLike.foreach(IterableLike.scala:74)
	at scala.collection.IterableLike.foreach$(IterableLike.scala:73)
	at scala.collection.AbstractIterable.foreach(Iterable.scala:56)
	at scala.collection.TraversableLike.map(TraversableLike.scala:237)
	at scala.collection.TraversableLike.map$(TraversableLike.scala:230)
	at scala.collection.AbstractTraversable.map(Traversable.scala:108)
	at views.html.employees$.apply(employees.template.scala:77)
	at views.html.employees$.render(employees.template.scala:129)
	at views.html.employees.render(employees.template.scala)
	at controllers.HomeController.usersEmployees(HomeController.java:221)
	at router.Routes$$anonfun$routes$1.$anonfun$applyOrElse$22(Routes.scala:526)
	at play.core.routing.HandlerInvokerFactory$$anon$6.resultCall(HandlerInvoker.scala:134)
	at play.core.routing.HandlerInvokerFactory$$anon$6.resultCall(HandlerInvoker.scala:133)
	at play.core.routing.HandlerInvokerFactory$JavaActionInvokerFactory$$anon$3$$anon$4$$anon$5.invocation(HandlerInvoker.scala:108)
	at play.core.j.JavaAction$$anon$1.call(JavaAction.scala:88)
	at play.http.DefaultActionCreator$1.call(DefaultActionCreator.java:31)
	at play.core.j.JavaAction.$anonfun$apply$8(JavaAction.scala:138)
	at scala.concurrent.Future$.$anonfun$apply$1(Future.scala:658)
	at scala.util.Success.$anonfun$map$1(Try.scala:255)
	at scala.util.Success.map(Try.scala:213)
	at scala.concurrent.Future.$anonfun$map$1(Future.scala:292)
	at scala.concurrent.impl.Promise.liftedTree1$1(Promise.scala:33)
	at scala.concurrent.impl.Promise.$anonfun$transform$1(Promise.scala:33)
	at scala.concurrent.impl.CallbackRunnable.run(Promise.scala:64)
	at play.core.j.HttpExecutionContext$$anon$2.run(HttpExecutionContext.scala:56)
	at play.api.libs.streams.Execution$trampoline$.execute(Execution.scala:70)
	at play.core.j.HttpExecutionContext.execute(HttpExecutionContext.scala:48)
	at scala.concurrent.impl.CallbackRunnable.executeWithValue(Promise.scala:72)
	at scala.concurrent.impl.Promise$KeptPromise$Kept.onComplete(Promise.scala:372)
	at scala.concurrent.impl.Promise$KeptPromise$Kept.onComplete$(Promise.scala:371)
	at scala.concurrent.impl.Promise$KeptPromise$Successful.onComplete(Promise.scala:379)
	at scala.concurrent.impl.Promise.transform(Promise.scala:33)
	at scala.concurrent.impl.Promise.transform$(Promise.scala:31)
	at scala.concurrent.impl.Promise$KeptPromise$Successful.transform(Promise.scala:379)
	at scala.concurrent.Future.map(Future.scala:292)
	at scala.concurrent.Future.map$(Future.scala:292)
	at scala.concurrent.impl.Promise$KeptPromise$Successful.map(Promise.scala:379)
	at scala.concurrent.Future$.apply(Future.scala:658)
	at play.core.j.JavaAction.apply(JavaAction.scala:138)
	at play.api.mvc.Action.$anonfun$apply$2(Action.scala:96)
	at play.api.libs.streams.StrictAccumulator.$anonfun$mapFuture$4(Accumulator.scala:174)
	at scala.util.Try$.apply(Try.scala:213)
	at play.api.libs.streams.StrictAccumulator.$anonfun$mapFuture$3(Accumulator.scala:174)
	at scala.Function1.$anonfun$andThen$1(Function1.scala:57)
	at scala.Function1.$anonfun$andThen$1(Function1.scala:57)
	at play.api.libs.streams.StrictAccumulator$$anon$1.apply(Accumulator.scala:218)
	at play.api.libs.streams.StrictAccumulator$$anon$1.apply(Accumulator.scala:217)
	... 21 common frames omitted
2019-03-18 15:55:18,149 [ERROR] from application in play-dev-mode-akka.actor.default-dispatcher-20 - 

! @7b90ajcco - Internal server error, for (GET) [/employees] ->
 
play.sbt.PlayExceptions$CompilationException: Compilation error[value getEmpList is not a member of models.department.Department]
	at play.sbt.PlayExceptions$CompilationException$.apply(PlayExceptions.scala:34)
	at play.sbt.PlayExceptions$CompilationException$.apply(PlayExceptions.scala:34)
	at scala.Option.map(Option.scala:146)
	at play.sbt.run.PlayReload$.$anonfun$taskFailureHandler$1(PlayReload.scala:33)
	at scala.Option.map(Option.scala:146)
	at play.sbt.run.PlayReload$.taskFailureHandler(PlayReload.scala:28)
	at play.sbt.run.PlayReload$.compileFailure(PlayReload.scala:24)
	at play.sbt.run.PlayReload$.$anonfun$compile$3(PlayReload.scala:51)
	at scala.util.Either$LeftProjection.map(Either.scala:569)
	at play.sbt.run.PlayReload$.compile(PlayReload.scala:51)
	at play.sbt.run.PlayRun$.$anonfun$playRunTask$4(PlayRun.scala:76)
	at play.runsupport.Reloader.$anonfun$reload$1(Reloader.scala:412)
	at play.runsupport.Reloader$$anon$1.run(Reloader.scala:50)
	at java.security.AccessController.doPrivileged(Native Method)
	at play.runsupport.Reloader$.play$runsupport$Reloader$$withReloaderContextClassLoader(Reloader.scala:55)
	at play.runsupport.Reloader.reload(Reloader.scala:412)
	at play.core.server.DevServerStart$$anon$1.get(DevServerStart.scala:123)
	at play.core.server.AkkaHttpServer.handleRequest(AkkaHttpServer.scala:241)
	at play.core.server.AkkaHttpServer.$anonfun$createServerBinding$1(AkkaHttpServer.scala:138)
	at akka.stream.impl.fusing.MapAsyncUnordered$$anon$31.onPush(Ops.scala:1318)
	at akka.stream.impl.fusing.GraphInterpreter.processPush(GraphInterpreter.scala:519)
	at akka.stream.impl.fusing.GraphInterpreter.processEvent(GraphInterpreter.scala:482)
	at akka.stream.impl.fusing.GraphInterpreter.execute(GraphInterpreter.scala:378)
	at akka.stream.impl.fusing.GraphInterpreterShell.runBatch(ActorGraphInterpreter.scala:588)
	at akka.stream.impl.fusing.GraphInterpreterShell$AsyncInput.execute(ActorGraphInterpreter.scala:472)
	at akka.stream.impl.fusing.GraphInterpreterShell.processEvent(ActorGraphInterpreter.scala:563)
	at akka.stream.impl.fusing.ActorGraphInterpreter.akka$stream$impl$fusing$ActorGraphInterpreter$$processEvent(ActorGraphInterpreter.scala:745)
	at akka.stream.impl.fusing.ActorGraphInterpreter$$anonfun$receive$1.applyOrElse(ActorGraphInterpreter.scala:760)
	at akka.actor.Actor.aroundReceive(Actor.scala:517)
	at akka.actor.Actor.aroundReceive$(Actor.scala:515)
	at akka.stream.impl.fusing.ActorGraphInterpreter.aroundReceive(ActorGraphInterpreter.scala:670)
	at akka.actor.ActorCell.receiveMessage(ActorCell.scala:588)
	at akka.actor.ActorCell.invoke(ActorCell.scala:557)
	at akka.dispatch.Mailbox.processMailbox(Mailbox.scala:258)
	at akka.dispatch.Mailbox.run(Mailbox.scala:225)
	at akka.dispatch.Mailbox.exec(Mailbox.scala:235)
	at akka.dispatch.forkjoin.ForkJoinTask.doExec(ForkJoinTask.java:260)
	at akka.dispatch.forkjoin.ForkJoinPool$WorkQueue.runTask(ForkJoinPool.java:1339)
	at akka.dispatch.forkjoin.ForkJoinPool.runWorker(ForkJoinPool.java:1979)
	at akka.dispatch.forkjoin.ForkJoinWorkerThread.run(ForkJoinWorkerThread.java:107)
2019-03-18 15:55:38,205 [INFO] from application in application-akka.actor.default-dispatcher-5 - ApplicationTimer demo: Stopping application at 2019-03-18T15:55:38.205Z after 149s.
2019-03-18 15:55:38,205 [INFO] from application in application-akka.actor.default-dispatcher-5 - Shutting down connection pool.
2019-03-18 15:55:38,299 [INFO] from play.api.db.DefaultDBApi in play-dev-mode-akka.actor.default-dispatcher-22 - Database [default] initialized at jdbc:h2:file:./data/productsDB
2019-03-18 15:55:38,299 [INFO] from application in play-dev-mode-akka.actor.default-dispatcher-22 - Creating Pool for datasource 'default'
2019-03-18 15:55:38,359 [INFO] from application in play-dev-mode-akka.actor.default-dispatcher-22 - ApplicationTimer demo: Starting application at 2019-03-18T15:55:38.359Z
2019-03-18 15:55:38,367 [WARN] from org.hibernate.validator.messageinterpolation.ParameterMessageInterpolator in play-dev-mode-akka.actor.default-dispatcher-22 - HV000184: ParameterMessageInterpolator has been chosen, EL interpolation will not be supported
2019-03-18 15:55:38,432 [INFO] from play.api.http.EnabledFilters in play-dev-mode-akka.actor.default-dispatcher-22 - Enabled Filters (see <https://www.playframework.com/documentation/latest/Filters>):

    play.filters.csrf.CSRFFilter
    play.filters.headers.SecurityHeadersFilter
    play.filters.hosts.AllowedHostsFilter
    filters.ExampleFilter

2019-03-18 15:55:38,432 [INFO] from play.api.Play in play-dev-mode-akka.actor.default-dispatcher-22 - Application started (Dev)
2019-03-18 15:55:38,446 [ERROR] from application in application-akka.actor.default-dispatcher-6 - 

! @7b90akgf9 - Internal server error, for (GET) [/employees] ->
 
play.api.http.HttpErrorHandlerExceptions$$anon$1: Execution exception[[CompletionException: java.lang.NullPointerException]]
	at play.api.http.HttpErrorHandlerExceptions$.throwableToUsefulException(HttpErrorHandler.scala:251)
	at play.api.http.DefaultHttpErrorHandler.onServerError(HttpErrorHandler.scala:178)
	at play.core.server.AkkaHttpServer$$anonfun$1.applyOrElse(AkkaHttpServer.scala:382)
	at play.core.server.AkkaHttpServer$$anonfun$1.applyOrElse(AkkaHttpServer.scala:380)
	at scala.concurrent.Future.$anonfun$recoverWith$1(Future.scala:417)
	at scala.concurrent.impl.Promise.$anonfun$transformWith$1(Promise.scala:41)
	at scala.concurrent.impl.CallbackRunnable.run(Promise.scala:64)
	at akka.dispatch.BatchingExecutor$AbstractBatch.processBatch(BatchingExecutor.scala:55)
	at akka.dispatch.BatchingExecutor$BlockableBatch.$anonfun$run$1(BatchingExecutor.scala:91)
	at scala.runtime.java8.JFunction0$mcV$sp.apply(JFunction0$mcV$sp.java:23)
	at scala.concurrent.BlockContext$.withBlockContext(BlockContext.scala:85)
	at akka.dispatch.BatchingExecutor$BlockableBatch.run(BatchingExecutor.scala:91)
	at akka.dispatch.TaskInvocation.run(AbstractDispatcher.scala:40)
	at akka.dispatch.ForkJoinExecutorConfigurator$AkkaForkJoinTask.exec(ForkJoinExecutorConfigurator.scala:44)
	at akka.dispatch.forkjoin.ForkJoinTask.doExec(ForkJoinTask.java:260)
	at akka.dispatch.forkjoin.ForkJoinPool$WorkQueue.runTask(ForkJoinPool.java:1339)
	at akka.dispatch.forkjoin.ForkJoinPool.runWorker(ForkJoinPool.java:1979)
	at akka.dispatch.forkjoin.ForkJoinWorkerThread.run(ForkJoinWorkerThread.java:107)
Caused by: java.util.concurrent.CompletionException: java.lang.NullPointerException
	at java.util.concurrent.CompletableFuture.encodeThrowable(CompletableFuture.java:292)
	at java.util.concurrent.CompletableFuture.completeThrowable(CompletableFuture.java:308)
	at java.util.concurrent.CompletableFuture.uniApply(CompletableFuture.java:593)
	at java.util.concurrent.CompletableFuture$UniApply.tryFire(CompletableFuture.java:577)
	at java.util.concurrent.CompletableFuture.uniApplyStage(CompletableFuture.java:617)
	at java.util.concurrent.CompletableFuture.thenApplyAsync(CompletableFuture.java:1993)
	at java.util.concurrent.CompletableFuture.thenApplyAsync(CompletableFuture.java:110)
	at play.libs.streams.Accumulator$StrictAccumulator.lambda$map$0(Accumulator.java:362)
	at java.util.function.Function.lambda$andThen$1(Function.java:88)
	at java.util.function.Function.lambda$andThen$1(Function.java:88)
	at play.libs.streams.Accumulator$StrictAccumulator$1.apply(Accumulator.java:403)
	at play.libs.streams.Accumulator$StrictAccumulator$1.apply(Accumulator.java:400)
	at scala.Function1.$anonfun$andThen$1(Function1.scala:57)
	at play.api.libs.streams.StrictAccumulator.run(Accumulator.scala:207)
	at play.core.server.AkkaHttpServer.$anonfun$runAction$4(AkkaHttpServer.scala:376)
	at akka.http.scaladsl.util.FastFuture$.strictTransform$1(FastFuture.scala:41)
	at akka.http.scaladsl.util.FastFuture$.$anonfun$transformWith$3(FastFuture.scala:51)
	... 12 common frames omitted
Caused by: java.lang.NullPointerException: null
	at views.html.employees$.$anonfun$apply$1(employees.template.scala:94)
	at scala.collection.TraversableLike.$anonfun$map$1(TraversableLike.scala:237)
	at scala.collection.Iterator.foreach(Iterator.scala:941)
	at scala.collection.Iterator.foreach$(Iterator.scala:941)
	at scala.collection.AbstractIterator.foreach(Iterator.scala:1429)
	at scala.collection.IterableLike.foreach(IterableLike.scala:74)
	at scala.collection.IterableLike.foreach$(IterableLike.scala:73)
	at scala.collection.AbstractIterable.foreach(Iterable.scala:56)
	at scala.collection.TraversableLike.map(TraversableLike.scala:237)
	at scala.collection.TraversableLike.map$(TraversableLike.scala:230)
	at scala.collection.AbstractTraversable.map(Traversable.scala:108)
	at views.html.employees$.apply(employees.template.scala:80)
	at views.html.employees$.render(employees.template.scala:135)
	at views.html.employees.render(employees.template.scala)
	at controllers.HomeController.usersEmployees(HomeController.java:221)
	at router.Routes$$anonfun$routes$1.$anonfun$applyOrElse$22(Routes.scala:526)
	at play.core.routing.HandlerInvokerFactory$$anon$6.resultCall(HandlerInvoker.scala:134)
	at play.core.routing.HandlerInvokerFactory$$anon$6.resultCall(HandlerInvoker.scala:133)
	at play.core.routing.HandlerInvokerFactory$JavaActionInvokerFactory$$anon$3$$anon$4$$anon$5.invocation(HandlerInvoker.scala:108)
	at play.core.j.JavaAction$$anon$1.call(JavaAction.scala:88)
	at play.http.DefaultActionCreator$1.call(DefaultActionCreator.java:31)
	at play.core.j.JavaAction.$anonfun$apply$8(JavaAction.scala:138)
	at scala.concurrent.Future$.$anonfun$apply$1(Future.scala:658)
	at scala.util.Success.$anonfun$map$1(Try.scala:255)
	at scala.util.Success.map(Try.scala:213)
	at scala.concurrent.Future.$anonfun$map$1(Future.scala:292)
	at scala.concurrent.impl.Promise.liftedTree1$1(Promise.scala:33)
	at scala.concurrent.impl.Promise.$anonfun$transform$1(Promise.scala:33)
	at scala.concurrent.impl.CallbackRunnable.run(Promise.scala:64)
	at play.core.j.HttpExecutionContext$$anon$2.run(HttpExecutionContext.scala:56)
	at play.api.libs.streams.Execution$trampoline$.execute(Execution.scala:70)
	at play.core.j.HttpExecutionContext.execute(HttpExecutionContext.scala:48)
	at scala.concurrent.impl.CallbackRunnable.executeWithValue(Promise.scala:72)
	at scala.concurrent.impl.Promise$KeptPromise$Kept.onComplete(Promise.scala:372)
	at scala.concurrent.impl.Promise$KeptPromise$Kept.onComplete$(Promise.scala:371)
	at scala.concurrent.impl.Promise$KeptPromise$Successful.onComplete(Promise.scala:379)
	at scala.concurrent.impl.Promise.transform(Promise.scala:33)
	at scala.concurrent.impl.Promise.transform$(Promise.scala:31)
	at scala.concurrent.impl.Promise$KeptPromise$Successful.transform(Promise.scala:379)
	at scala.concurrent.Future.map(Future.scala:292)
	at scala.concurrent.Future.map$(Future.scala:292)
	at scala.concurrent.impl.Promise$KeptPromise$Successful.map(Promise.scala:379)
	at scala.concurrent.Future$.apply(Future.scala:658)
	at play.core.j.JavaAction.apply(JavaAction.scala:138)
	at play.api.mvc.Action.$anonfun$apply$2(Action.scala:96)
	at play.api.libs.streams.StrictAccumulator.$anonfun$mapFuture$4(Accumulator.scala:174)
	at scala.util.Try$.apply(Try.scala:213)
	at play.api.libs.streams.StrictAccumulator.$anonfun$mapFuture$3(Accumulator.scala:174)
	at scala.Function1.$anonfun$andThen$1(Function1.scala:57)
	at scala.Function1.$anonfun$andThen$1(Function1.scala:57)
	at play.api.libs.streams.StrictAccumulator$$anon$1.apply(Accumulator.scala:218)
	at play.api.libs.streams.StrictAccumulator$$anon$1.apply(Accumulator.scala:217)
	... 21 common frames omitted
2019-03-18 15:56:35,432 [INFO] from application in application-akka.actor.default-dispatcher-9 - ApplicationTimer demo: Stopping application at 2019-03-18T15:56:35.432Z after 57s.
2019-03-18 15:56:35,433 [INFO] from application in application-akka.actor.default-dispatcher-9 - Shutting down connection pool.
2019-03-18 15:56:35,524 [INFO] from play.api.db.DefaultDBApi in play-dev-mode-akka.actor.default-dispatcher-20 - Database [default] initialized at jdbc:h2:file:./data/productsDB
2019-03-18 15:56:35,524 [INFO] from application in play-dev-mode-akka.actor.default-dispatcher-20 - Creating Pool for datasource 'default'
2019-03-18 15:56:35,585 [INFO] from application in play-dev-mode-akka.actor.default-dispatcher-20 - ApplicationTimer demo: Starting application at 2019-03-18T15:56:35.585Z
2019-03-18 15:56:35,592 [WARN] from org.hibernate.validator.messageinterpolation.ParameterMessageInterpolator in play-dev-mode-akka.actor.default-dispatcher-20 - HV000184: ParameterMessageInterpolator has been chosen, EL interpolation will not be supported
2019-03-18 15:56:35,657 [INFO] from play.api.http.EnabledFilters in play-dev-mode-akka.actor.default-dispatcher-20 - Enabled Filters (see <https://www.playframework.com/documentation/latest/Filters>):

    play.filters.csrf.CSRFFilter
    play.filters.headers.SecurityHeadersFilter
    play.filters.hosts.AllowedHostsFilter
    filters.ExampleFilter

2019-03-18 15:56:35,657 [INFO] from play.api.Play in play-dev-mode-akka.actor.default-dispatcher-20 - Application started (Dev)
2019-03-18 15:56:52,887 [INFO] from application in application-akka.actor.default-dispatcher-7 - ApplicationTimer demo: Stopping application at 2019-03-18T15:56:52.887Z after 17s.
2019-03-18 15:56:52,887 [INFO] from application in application-akka.actor.default-dispatcher-7 - Shutting down connection pool.
2019-03-18 15:56:52,967 [INFO] from play.api.db.DefaultDBApi in play-dev-mode-akka.actor.default-dispatcher-20 - Database [default] initialized at jdbc:h2:file:./data/productsDB
2019-03-18 15:56:52,967 [INFO] from application in play-dev-mode-akka.actor.default-dispatcher-20 - Creating Pool for datasource 'default'
2019-03-18 15:56:53,021 [INFO] from application in play-dev-mode-akka.actor.default-dispatcher-20 - ApplicationTimer demo: Starting application at 2019-03-18T15:56:53.021Z
2019-03-18 15:56:53,029 [WARN] from org.hibernate.validator.messageinterpolation.ParameterMessageInterpolator in play-dev-mode-akka.actor.default-dispatcher-20 - HV000184: ParameterMessageInterpolator has been chosen, EL interpolation will not be supported
2019-03-18 15:56:53,092 [INFO] from play.api.http.EnabledFilters in play-dev-mode-akka.actor.default-dispatcher-20 - Enabled Filters (see <https://www.playframework.com/documentation/latest/Filters>):

    play.filters.csrf.CSRFFilter
    play.filters.headers.SecurityHeadersFilter
    play.filters.hosts.AllowedHostsFilter
    filters.ExampleFilter

2019-03-18 15:56:53,092 [INFO] from play.api.Play in play-dev-mode-akka.actor.default-dispatcher-20 - Application started (Dev)
2019-03-18 15:57:04,144 [INFO] from application in application-akka.actor.default-dispatcher-3 - ApplicationTimer demo: Stopping application at 2019-03-18T15:57:04.144Z after 11s.
2019-03-18 15:57:04,144 [INFO] from application in application-akka.actor.default-dispatcher-3 - Shutting down connection pool.
2019-03-18 15:57:04,233 [INFO] from play.api.db.DefaultDBApi in play-dev-mode-akka.actor.default-dispatcher-22 - Database [default] initialized at jdbc:h2:file:./data/productsDB
2019-03-18 15:57:04,233 [INFO] from application in play-dev-mode-akka.actor.default-dispatcher-22 - Creating Pool for datasource 'default'
2019-03-18 15:57:04,290 [INFO] from application in play-dev-mode-akka.actor.default-dispatcher-22 - ApplicationTimer demo: Starting application at 2019-03-18T15:57:04.290Z
2019-03-18 15:57:04,296 [WARN] from org.hibernate.validator.messageinterpolation.ParameterMessageInterpolator in play-dev-mode-akka.actor.default-dispatcher-22 - HV000184: ParameterMessageInterpolator has been chosen, EL interpolation will not be supported
2019-03-18 15:57:04,353 [INFO] from play.api.http.EnabledFilters in play-dev-mode-akka.actor.default-dispatcher-22 - Enabled Filters (see <https://www.playframework.com/documentation/latest/Filters>):

    play.filters.csrf.CSRFFilter
    play.filters.headers.SecurityHeadersFilter
    play.filters.hosts.AllowedHostsFilter
    filters.ExampleFilter

2019-03-18 15:57:04,353 [INFO] from play.api.Play in play-dev-mode-akka.actor.default-dispatcher-22 - Application started (Dev)
2019-03-18 15:57:20,260 [INFO] from application in application-akka.actor.default-dispatcher-4 - ApplicationTimer demo: Stopping application at 2019-03-18T15:57:20.260Z after 16s.
2019-03-18 15:57:20,260 [INFO] from application in application-akka.actor.default-dispatcher-4 - Shutting down connection pool.
2019-03-18 15:57:20,343 [INFO] from play.api.db.DefaultDBApi in play-dev-mode-akka.actor.default-dispatcher-20 - Database [default] initialized at jdbc:h2:file:./data/productsDB
2019-03-18 15:57:20,343 [INFO] from application in play-dev-mode-akka.actor.default-dispatcher-20 - Creating Pool for datasource 'default'
2019-03-18 15:57:20,398 [INFO] from application in play-dev-mode-akka.actor.default-dispatcher-20 - ApplicationTimer demo: Starting application at 2019-03-18T15:57:20.398Z
2019-03-18 15:57:20,412 [WARN] from org.hibernate.validator.messageinterpolation.ParameterMessageInterpolator in play-dev-mode-akka.actor.default-dispatcher-20 - HV000184: ParameterMessageInterpolator has been chosen, EL interpolation will not be supported
2019-03-18 15:57:20,469 [INFO] from play.api.http.EnabledFilters in play-dev-mode-akka.actor.default-dispatcher-20 - Enabled Filters (see <https://www.playframework.com/documentation/latest/Filters>):

    play.filters.csrf.CSRFFilter
    play.filters.headers.SecurityHeadersFilter
    play.filters.hosts.AllowedHostsFilter
    filters.ExampleFilter

2019-03-18 15:57:20,469 [INFO] from play.api.Play in play-dev-mode-akka.actor.default-dispatcher-20 - Application started (Dev)
2019-03-18 15:57:31,688 [INFO] from application in application-akka.actor.default-dispatcher-5 - ApplicationTimer demo: Stopping application at 2019-03-18T15:57:31.688Z after 11s.
2019-03-18 15:57:31,688 [INFO] from application in application-akka.actor.default-dispatcher-5 - Shutting down connection pool.
2019-03-18 15:57:31,769 [INFO] from play.api.db.DefaultDBApi in play-dev-mode-akka.actor.default-dispatcher-24 - Database [default] initialized at jdbc:h2:file:./data/productsDB
2019-03-18 15:57:31,769 [INFO] from application in play-dev-mode-akka.actor.default-dispatcher-24 - Creating Pool for datasource 'default'
2019-03-18 15:57:31,821 [INFO] from application in play-dev-mode-akka.actor.default-dispatcher-24 - ApplicationTimer demo: Starting application at 2019-03-18T15:57:31.821Z
2019-03-18 15:57:31,827 [WARN] from org.hibernate.validator.messageinterpolation.ParameterMessageInterpolator in play-dev-mode-akka.actor.default-dispatcher-24 - HV000184: ParameterMessageInterpolator has been chosen, EL interpolation will not be supported
2019-03-18 15:57:31,883 [INFO] from play.api.http.EnabledFilters in play-dev-mode-akka.actor.default-dispatcher-24 - Enabled Filters (see <https://www.playframework.com/documentation/latest/Filters>):

    play.filters.csrf.CSRFFilter
    play.filters.headers.SecurityHeadersFilter
    play.filters.hosts.AllowedHostsFilter
    filters.ExampleFilter

2019-03-18 15:57:31,884 [INFO] from play.api.Play in play-dev-mode-akka.actor.default-dispatcher-24 - Application started (Dev)
2019-03-18 15:59:01,057 [INFO] from application in application-akka.actor.default-dispatcher-9 - ApplicationTimer demo: Stopping application at 2019-03-18T15:59:01.056Z after 90s.
2019-03-18 15:59:01,057 [INFO] from application in application-akka.actor.default-dispatcher-9 - Shutting down connection pool.
2019-03-18 15:59:01,137 [INFO] from play.api.db.DefaultDBApi in play-dev-mode-akka.actor.default-dispatcher-22 - Database [default] initialized at jdbc:h2:file:./data/productsDB
2019-03-18 15:59:01,137 [INFO] from application in play-dev-mode-akka.actor.default-dispatcher-22 - Creating Pool for datasource 'default'
2019-03-18 15:59:01,188 [INFO] from application in play-dev-mode-akka.actor.default-dispatcher-22 - ApplicationTimer demo: Starting application at 2019-03-18T15:59:01.188Z
2019-03-18 15:59:01,194 [WARN] from org.hibernate.validator.messageinterpolation.ParameterMessageInterpolator in play-dev-mode-akka.actor.default-dispatcher-22 - HV000184: ParameterMessageInterpolator has been chosen, EL interpolation will not be supported
2019-03-18 15:59:01,253 [INFO] from play.api.http.EnabledFilters in play-dev-mode-akka.actor.default-dispatcher-22 - Enabled Filters (see <https://www.playframework.com/documentation/latest/Filters>):

    play.filters.csrf.CSRFFilter
    play.filters.headers.SecurityHeadersFilter
    play.filters.hosts.AllowedHostsFilter
    filters.ExampleFilter

2019-03-18 15:59:01,253 [INFO] from play.api.Play in play-dev-mode-akka.actor.default-dispatcher-22 - Application started (Dev)
2019-03-18 16:00:11,442 [ERROR] from application in play-dev-mode-akka.actor.default-dispatcher-20 - 

! @7b90ba4aa - Internal server error, for (GET) [/projects] ->
 
play.sbt.PlayExceptions$CompilationException: Compilation error[not found: value m]
	at play.sbt.PlayExceptions$CompilationException$.apply(PlayExceptions.scala:34)
	at play.sbt.PlayExceptions$CompilationException$.apply(PlayExceptions.scala:34)
	at scala.Option.map(Option.scala:146)
	at play.sbt.run.PlayReload$.$anonfun$taskFailureHandler$1(PlayReload.scala:33)
	at scala.Option.map(Option.scala:146)
	at play.sbt.run.PlayReload$.taskFailureHandler(PlayReload.scala:28)
	at play.sbt.run.PlayReload$.compileFailure(PlayReload.scala:24)
	at play.sbt.run.PlayReload$.$anonfun$compile$3(PlayReload.scala:51)
	at scala.util.Either$LeftProjection.map(Either.scala:569)
	at play.sbt.run.PlayReload$.compile(PlayReload.scala:51)
	at play.sbt.run.PlayRun$.$anonfun$playRunTask$4(PlayRun.scala:76)
	at play.runsupport.Reloader.$anonfun$reload$1(Reloader.scala:412)
	at play.runsupport.Reloader$$anon$1.run(Reloader.scala:50)
	at java.security.AccessController.doPrivileged(Native Method)
	at play.runsupport.Reloader$.play$runsupport$Reloader$$withReloaderContextClassLoader(Reloader.scala:55)
	at play.runsupport.Reloader.reload(Reloader.scala:412)
	at play.core.server.DevServerStart$$anon$1.get(DevServerStart.scala:123)
	at play.core.server.AkkaHttpServer.handleRequest(AkkaHttpServer.scala:241)
	at play.core.server.AkkaHttpServer.$anonfun$createServerBinding$1(AkkaHttpServer.scala:138)
	at akka.stream.impl.fusing.MapAsyncUnordered$$anon$31.onPush(Ops.scala:1318)
	at akka.stream.impl.fusing.GraphInterpreter.processPush(GraphInterpreter.scala:519)
	at akka.stream.impl.fusing.GraphInterpreter.processEvent(GraphInterpreter.scala:482)
	at akka.stream.impl.fusing.GraphInterpreter.execute(GraphInterpreter.scala:378)
	at akka.stream.impl.fusing.GraphInterpreterShell.runBatch(ActorGraphInterpreter.scala:588)
	at akka.stream.impl.fusing.GraphInterpreterShell$AsyncInput.execute(ActorGraphInterpreter.scala:472)
	at akka.stream.impl.fusing.GraphInterpreterShell.processEvent(ActorGraphInterpreter.scala:563)
	at akka.stream.impl.fusing.ActorGraphInterpreter.akka$stream$impl$fusing$ActorGraphInterpreter$$processEvent(ActorGraphInterpreter.scala:745)
	at akka.stream.impl.fusing.ActorGraphInterpreter$$anonfun$receive$1.applyOrElse(ActorGraphInterpreter.scala:760)
	at akka.actor.Actor.aroundReceive(Actor.scala:517)
	at akka.actor.Actor.aroundReceive$(Actor.scala:515)
	at akka.stream.impl.fusing.ActorGraphInterpreter.aroundReceive(ActorGraphInterpreter.scala:670)
	at akka.actor.ActorCell.receiveMessage(ActorCell.scala:588)
	at akka.actor.ActorCell.invoke(ActorCell.scala:557)
	at akka.dispatch.Mailbox.processMailbox(Mailbox.scala:258)
	at akka.dispatch.Mailbox.run(Mailbox.scala:225)
	at akka.dispatch.Mailbox.exec(Mailbox.scala:235)
	at akka.dispatch.forkjoin.ForkJoinTask.doExec(ForkJoinTask.java:260)
	at akka.dispatch.forkjoin.ForkJoinPool$WorkQueue.runTask(ForkJoinPool.java:1339)
	at akka.dispatch.forkjoin.ForkJoinPool.runWorker(ForkJoinPool.java:1979)
	at akka.dispatch.forkjoin.ForkJoinWorkerThread.run(ForkJoinWorkerThread.java:107)
2019-03-18 16:00:29,212 [INFO] from application in application-akka.actor.default-dispatcher-4 - ApplicationTimer demo: Stopping application at 2019-03-18T16:00:29.212Z after 88s.
2019-03-18 16:00:29,212 [INFO] from application in application-akka.actor.default-dispatcher-4 - Shutting down connection pool.
2019-03-18 16:00:29,307 [INFO] from play.api.db.DefaultDBApi in play-dev-mode-akka.actor.default-dispatcher-20 - Database [default] initialized at jdbc:h2:file:./data/productsDB
2019-03-18 16:00:29,307 [INFO] from application in play-dev-mode-akka.actor.default-dispatcher-20 - Creating Pool for datasource 'default'
2019-03-18 16:00:29,363 [INFO] from application in play-dev-mode-akka.actor.default-dispatcher-20 - ApplicationTimer demo: Starting application at 2019-03-18T16:00:29.363Z
2019-03-18 16:00:29,369 [WARN] from org.hibernate.validator.messageinterpolation.ParameterMessageInterpolator in play-dev-mode-akka.actor.default-dispatcher-20 - HV000184: ParameterMessageInterpolator has been chosen, EL interpolation will not be supported
2019-03-18 16:00:29,426 [INFO] from play.api.http.EnabledFilters in play-dev-mode-akka.actor.default-dispatcher-20 - Enabled Filters (see <https://www.playframework.com/documentation/latest/Filters>):

    play.filters.csrf.CSRFFilter
    play.filters.headers.SecurityHeadersFilter
    play.filters.hosts.AllowedHostsFilter
    filters.ExampleFilter

2019-03-18 16:00:29,426 [INFO] from play.api.Play in play-dev-mode-akka.actor.default-dispatcher-20 - Application started (Dev)
2019-03-18 16:01:15,037 [INFO] from application in application-akka.actor.default-dispatcher-8 - ApplicationTimer demo: Stopping application at 2019-03-18T16:01:15.037Z after 46s.
2019-03-18 16:01:15,037 [INFO] from application in application-akka.actor.default-dispatcher-8 - Shutting down connection pool.
2019-03-18 16:01:15,111 [INFO] from play.api.db.DefaultDBApi in play-dev-mode-akka.actor.default-dispatcher-20 - Database [default] initialized at jdbc:h2:file:./data/productsDB
2019-03-18 16:01:15,111 [INFO] from application in play-dev-mode-akka.actor.default-dispatcher-20 - Creating Pool for datasource 'default'
2019-03-18 16:01:15,169 [INFO] from application in play-dev-mode-akka.actor.default-dispatcher-20 - ApplicationTimer demo: Starting application at 2019-03-18T16:01:15.169Z
2019-03-18 16:01:15,174 [WARN] from org.hibernate.validator.messageinterpolation.ParameterMessageInterpolator in play-dev-mode-akka.actor.default-dispatcher-20 - HV000184: ParameterMessageInterpolator has been chosen, EL interpolation will not be supported
2019-03-18 16:01:15,235 [INFO] from play.api.http.EnabledFilters in play-dev-mode-akka.actor.default-dispatcher-20 - Enabled Filters (see <https://www.playframework.com/documentation/latest/Filters>):

    play.filters.csrf.CSRFFilter
    play.filters.headers.SecurityHeadersFilter
    play.filters.hosts.AllowedHostsFilter
    filters.ExampleFilter

2019-03-18 16:01:15,235 [INFO] from play.api.Play in play-dev-mode-akka.actor.default-dispatcher-20 - Application started (Dev)
2019-03-18 16:03:17,621 [INFO] from play.core.server.AkkaHttpServer in pool-7-thread-9 - Stopping server...
2019-03-18 16:03:19,377 [INFO] from application in application-akka.actor.default-dispatcher-7 - ApplicationTimer demo: Stopping application at 2019-03-18T16:03:19.377Z after 124s.
2019-03-18 16:03:19,377 [INFO] from application in application-akka.actor.default-dispatcher-7 - Shutting down connection pool.
2019-03-18 16:03:19,456 [INFO] from play.api.db.DefaultDBApi in pool-7-thread-9 - Database [default] initialized at jdbc:h2:file:./data/productsDB
2019-03-18 16:03:19,456 [INFO] from application in pool-7-thread-9 - Creating Pool for datasource 'default'
2019-03-18 16:03:19,509 [INFO] from application in pool-7-thread-9 - ApplicationTimer demo: Starting application at 2019-03-18T16:03:19.509Z
2019-03-18 16:03:19,516 [WARN] from org.hibernate.validator.messageinterpolation.ParameterMessageInterpolator in pool-7-thread-9 - HV000184: ParameterMessageInterpolator has been chosen, EL interpolation will not be supported
2019-03-18 16:03:19,572 [INFO] from play.api.http.EnabledFilters in pool-7-thread-9 - Enabled Filters (see <https://www.playframework.com/documentation/latest/Filters>):

    play.filters.csrf.CSRFFilter
    play.filters.headers.SecurityHeadersFilter
    play.filters.hosts.AllowedHostsFilter
    filters.ExampleFilter

2019-03-18 16:03:19,573 [INFO] from play.api.Play in pool-7-thread-9 - Application started (Dev)
2019-03-18 16:03:19,583 [INFO] from application in application-akka.actor.default-dispatcher-2 - ApplicationTimer demo: Stopping application at 2019-03-18T16:03:19.583Z after 0s.
2019-03-18 16:03:19,583 [INFO] from application in application-akka.actor.default-dispatcher-2 - Shutting down connection pool.
