#
# There is insufficient memory for the Java Runtime Environment to continue.
# Native memory allocation (mmap) failed to map 12288 bytes for committing reserved memory.
# Possible reasons:
#   The system is out of physical RAM or swap space
#   In 32 bit mode, the process size limit was hit
# Possible solutions:
#   Reduce memory load on the system
#   Increase physical memory or swap space
#   Check if swap backing store is full
#   Use 64 bit Java on a 64 bit OS
#   Decrease Java heap size (-Xmx/-Xms)
#   Decrease number of Java threads
#   Decrease Java thread stack sizes (-Xss)
#   Set larger code cache with -XX:ReservedCodeCacheSize=
# This output file may be truncated or incomplete.
#
#  Out of Memory Error (os_linux.cpp:2746), pid=32293, tid=0x00007f9d7a03b700
#
# JRE version: OpenJDK Runtime Environment (8.0_191-b12) (build 1.8.0_191-8u191-b12-2ubuntu0.18.04.1-b12)
# Java VM: OpenJDK 64-Bit Server VM (25.191-b12 mixed mode linux-amd64 compressed oops)
# Failed to write core dump. Core dumps have been disabled. To enable core dumping, try "ulimit -c unlimited" before starting Java again
#

---------------  T H R E A D  ---------------

Current thread (0x00007f9d9894c000):  JavaThread "Secondary finalizer" [_thread_new, id=32453, stack(0x00007f9d79f3b000,0x00007f9d7a03c000)]

Stack: [0x00007f9d79f3b000,0x00007f9d7a03c000],  sp=0x00007f9d7a03ab20,  free space=1022k
Native frames: (J=compiled Java code, j=interpreted, Vv=VM code, C=native code)
V  [libjvm.so+0xab2552]
V  [libjvm.so+0x4d9e37]
V  [libjvm.so+0x8ed1d6]
V  [libjvm.so+0x8e456e]
V  [libjvm.so+0x8ee747]
V  [libjvm.so+0xa5028c]
V  [libjvm.so+0x8ea992]
C  [libpthread.so.0+0x76db]  start_thread+0xdb


---------------  P R O C E S S  ---------------

Java Threads: ( => current thread )
=>0x00007f9d9894c000 JavaThread "Secondary finalizer" [_thread_new, id=32453, stack(0x00007f9d79f3b000,0x00007f9d7a03c000)]
  0x00007f9d98145800 JavaThread "play-dev-mode-akka.io.pinned-dispatcher-5" [_thread_in_native, id=32397, stack(0x00007f9d7a63e000,0x00007f9d7a73f000)]
  0x00007f9d9c00b800 JavaThread "play-dev-mode-akka.actor.default-dispatcher-4" [_thread_blocked, id=32392, stack(0x00007f9d7b6fd000,0x00007f9d7b7fe000)]
  0x00007f9d7e9c9800 JavaThread "play-dev-mode-akka.actor.default-dispatcher-3" [_thread_blocked, id=32391, stack(0x00007f9d7b7fe000,0x00007f9d7b8ff000)]
  0x00007f9d7e9c6000 JavaThread "play-dev-mode-akka.actor.default-dispatcher-2" [_thread_blocked, id=32390, stack(0x00007f9d7b8ff000,0x00007f9d7ba00000)]
  0x00007f9d7e981800 JavaThread "play-dev-mode-scheduler-1" [_thread_in_vm, id=32387, stack(0x00007f9d7b56b000,0x00007f9d7b66c000)]
  0x00007f9d7c3f2000 JavaThread "reloader-timer" daemon [_thread_blocked, id=32384, stack(0x00007f9d800ff000,0x00007f9d80200000)]
  0x00007f9d7c3ec000 JavaThread "play-watch-service" daemon [_thread_blocked, id=32383, stack(0x00007f9d80200000,0x00007f9d80301000)]
  0x00007f9d7c3b2800 JavaThread "Thread-3" daemon [_thread_in_native, id=32382, stack(0x00007f9d80301000,0x00007f9d80402000)]
  0x00007f9dca143800 JavaThread "pool-5-thread-5" [_thread_in_native, id=32381, stack(0x00007f9d805b3000,0x00007f9d806b4000)]
  0x00007f9db0025000 JavaThread "pool-5-thread-4" [_thread_in_vm, id=32378, stack(0x00007f9d806b4000,0x00007f9d807b5000)]
  0x00007f9db0024000 JavaThread "pool-5-thread-3" [_thread_blocked, id=32377, stack(0x00007f9d940e6000,0x00007f9d941e7000)]
  0x00007f9dca142000 JavaThread "pool-5-thread-2" [_thread_in_Java, id=32376, stack(0x00007f9d8173c000,0x00007f9d8183d000)]
  0x00007f9dca141800 JavaThread "pool-5-thread-1" [_thread_in_Java, id=32375, stack(0x00007f9d8265a000,0x00007f9d8275b000)]
  0x00007f9dc9c44800 JavaThread "sbt-web-akka.actor.default-dispatcher-2" [_thread_blocked, id=32355, stack(0x00007f9d81f57000,0x00007f9d82058000)]
  0x00007f9dc9bcc000 JavaThread "sbt-web-scheduler-1" [_thread_blocked, id=32354, stack(0x00007f9d8183d000,0x00007f9d8193e000)]
  0x00007f9dc98bf000 JavaThread "process reaper" daemon [_thread_blocked, id=32315, stack(0x00007f9dbc07e000,0x00007f9dbc0b7000)]
  0x00007f9dca5bd800 JavaThread "Log4j2-TF-1-AsyncLogger[AsyncContext@2d928643]-1" daemon [_thread_blocked, id=32309, stack(0x00007f9dbc0f5000,0x00007f9dbc1f6000)]
  0x00007f9dc8142000 JavaThread "Service Thread" daemon [_thread_blocked, id=32303, stack(0x00007f9dbd116000,0x00007f9dbd217000)]
  0x00007f9dc813f800 JavaThread "C1 CompilerThread1" daemon [_thread_in_native, id=32302, stack(0x00007f9dbd218000,0x00007f9dbd318000)]
  0x00007f9dc813c800 JavaThread "C2 CompilerThread0" daemon [_thread_in_native, id=32301, stack(0x00007f9dbd319000,0x00007f9dbd419000)]
  0x00007f9dc813b000 JavaThread "Signal Dispatcher" daemon [_thread_blocked, id=32300, stack(0x00007f9dbd419000,0x00007f9dbd51a000)]
  0x00007f9dc8108800 JavaThread "Finalizer" daemon [_thread_blocked, id=32299, stack(0x00007f9dbd7f8000,0x00007f9dbd8f9000)]
  0x00007f9dc8106000 JavaThread "Reference Handler" daemon [_thread_blocked, id=32298, stack(0x00007f9dbd8f9000,0x00007f9dbd9fa000)]
  0x00007f9dc800b800 JavaThread "main" [_thread_blocked, id=32294, stack(0x00007f9dd0ed1000,0x00007f9dd0fd1000)]

Other Threads:
  0x00007f9dc80fc000 VMThread [stack: 0x00007f9dbd9fb000,0x00007f9dbdafb000] [id=32297]
  0x00007f9dc8144800 WatcherThread [stack: 0x00007f9dbd016000,0x00007f9dbd116000] [id=32304]

VM state:not at safepoint (normal execution)

VM Mutex/Monitor currently owned by a thread:  ([mutex/lock_event])
[0x00007f9dc8007fb0] VMOperationQueue_lock - owner thread: 0x00007f9dc80fc000

Heap:
 PSYoungGen      total 257024K, used 716K [0x00000000eab00000, 0x0000000100000000, 0x0000000100000000)
  eden space 194560K, 0% used [0x00000000eab00000,0x00000000eabb3308,0x00000000f6900000)
  from space 62464K, 0% used [0x00000000f6900000,0x00000000f6900000,0x00000000fa600000)
  to   space 83968K, 0% used [0x00000000fae00000,0x00000000fae00000,0x0000000100000000)
 ParOldGen       total 699392K, used 114647K [0x00000000c0000000, 0x00000000eab00000, 0x00000000eab00000)
  object space 699392K, 16% used [0x00000000c0000000,0x00000000c6ff5cf8,0x00000000eab00000)
 Metaspace       used 152990K, capacity 171234K, committed 175472K, reserved 1202176K
  class space    used 20458K, capacity 21457K, committed 22184K, reserved 1048576K

Card table byte_map: [0x00007f9dcd424000,0x00007f9dcd625000] byte_map_base: 0x00007f9dcce24000

Marking Bits: (ParMarkBitMap*) 0x00007f9dd0167340
 Begin Bits: [0x00007f9dbe000000, 0x00007f9dbf000000)
 End Bits:   [0x00007f9dbf000000, 0x00007f9dc0000000)

Polling page: 0x00007f9dd0fe8000

CodeCache: size=131072Kb used=46980Kb max_used=47129Kb free=84091Kb
 bounds [0x00007f9dc0000000, 0x00007f9dc2e50000, 0x00007f9dc8000000]
 total_blobs=18008 nmethods=17234 adapters=680
 compilation: enabled

Compilation events (10 events):
Event: 76.679 Thread 0x00007f9dc813c800 19797       4       java.lang.invoke.InnerClassLambdaMetafactory::generateSerializationFriendlyMethods (300 bytes)
Event: 76.802 Thread 0x00007f9dc813f800 20081       3       sbt.std.TaskExtra$::failures (23 bytes)
Event: 76.805 Thread 0x00007f9dc813f800 nmethod 20081 0x00007f9dc1803d10 code [0x00007f9dc1803ec0, 0x00007f9dc1804528]
Event: 77.020 Thread 0x00007f9dc813f800 20082       3       scala.collection.mutable.ResizableArray::ensureSize (92 bytes)
Event: 77.029 Thread 0x00007f9dc813f800 nmethod 20082 0x00007f9dc210a590 code [0x00007f9dc210a760, 0x00007f9dc210ae48]
Event: 77.032 Thread 0x00007f9dc813f800 20083       3       sbt.Previous$$$Lambda$2209/1012194796::apply (8 bytes)
Event: 77.033 Thread 0x00007f9dc813f800 nmethod 20083 0x00007f9dc1bb0710 code [0x00007f9dc1bb08a0, 0x00007f9dc1bb0c88]
Event: 77.036 Thread 0x00007f9dc813f800 20084       3       sbt.Previous$::$anonfun$complete$2$adapted (8 bytes)
Event: 77.039 Thread 0x00007f9dc813f800 nmethod 20084 0x00007f9dc0246250 code [0x00007f9dc02463e0, 0x00007f9dc0246668]
Event: 79.906 Thread 0x00007f9dc813f800 20085       3       sbt.Previous$::$anonfun$complete$2 (53 bytes)

GC Heap History (10 events):
Event: 39.973 GC heap before
{Heap before GC invocations=16 (full 6):
 PSYoungGen      total 267264K, used 41980K [0x00000000eab00000, 0x0000000100000000, 0x0000000100000000)
  eden space 225280K, 0% used [0x00000000eab00000,0x00000000eab00000,0x00000000f8700000)
  from space 41984K, 99% used [0x00000000fd700000,0x00000000fffff308,0x0000000100000000)
  to   space 61952K, 0% used [0x00000000f8700000,0x00000000f8700000,0x00000000fc380000)
 ParOldGen       total 699392K, used 65299K [0x00000000c0000000, 0x00000000eab00000, 0x00000000eab00000)
  object space 699392K, 9% used [0x00000000c0000000,0x00000000c3fc4d60,0x00000000eab00000)
 Metaspace       used 106412K, capacity 119429K, committed 119536K, reserved 1153024K
  class space    used 15048K, capacity 15861K, committed 15912K, reserved 1048576K
Event: 40.366 GC heap after
Heap after GC invocations=16 (full 6):
 PSYoungGen      total 267264K, used 0K [0x00000000eab00000, 0x0000000100000000, 0x0000000100000000)
  eden space 225280K, 0% used [0x00000000eab00000,0x00000000eab00000,0x00000000f8700000)
  from space 41984K, 0% used [0x00000000fd700000,0x00000000fd700000,0x0000000100000000)
  to   space 61952K, 0% used [0x00000000f8700000,0x00000000f8700000,0x00000000fc380000)
 ParOldGen       total 699392K, used 78406K [0x00000000c0000000, 0x00000000eab00000, 0x00000000eab00000)
  object space 699392K, 11% used [0x00000000c0000000,0x00000000c4c91888,0x00000000eab00000)
 Metaspace       used 106409K, capacity 119423K, committed 119536K, reserved 1153024K
  class space    used 15047K, capacity 15859K, committed 15912K, reserved 1048576K
}
Event: 54.938 GC heap before
{Heap before GC invocations=17 (full 6):
 PSYoungGen      total 267264K, used 225280K [0x00000000eab00000, 0x0000000100000000, 0x0000000100000000)
  eden space 225280K, 100% used [0x00000000eab00000,0x00000000f8700000,0x00000000f8700000)
  from space 41984K, 0% used [0x00000000fd700000,0x00000000fd700000,0x0000000100000000)
  to   space 61952K, 0% used [0x00000000f8700000,0x00000000f8700000,0x00000000fc380000)
 ParOldGen       total 699392K, used 78406K [0x00000000c0000000, 0x00000000eab00000, 0x00000000eab00000)
  object space 699392K, 11% used [0x00000000c0000000,0x00000000c4c91888,0x00000000eab00000)
 Metaspace       used 133961K, capacity 149244K, committed 149360K, reserved 1179648K
  class space    used 18631K, capacity 19512K, committed 19624K, reserved 1048576K
Event: 55.052 GC heap after
Heap after GC invocations=17 (full 6):
 PSYoungGen      total 281600K, used 56178K [0x00000000eab00000, 0x0000000100000000, 0x0000000100000000)
  eden space 225280K, 0% used [0x00000000eab00000,0x00000000eab00000,0x00000000f8700000)
  from space 56320K, 99% used [0x00000000f8700000,0x00000000fbddcb68,0x00000000fbe00000)
  to   space 67584K, 0% used [0x00000000fbe00000,0x00000000fbe00000,0x0000000100000000)
 ParOldGen       total 699392K, used 78406K [0x00000000c0000000, 0x00000000eab00000, 0x00000000eab00000)
  object space 699392K, 11% used [0x00000000c0000000,0x00000000c4c91888,0x00000000eab00000)
 Metaspace       used 133961K, capacity 149244K, committed 149360K, reserved 1179648K
  class space    used 18631K, capacity 19512K, committed 19624K, reserved 1048576K
}
Event: 72.328 GC heap before
{Heap before GC invocations=18 (full 6):
 PSYoungGen      total 281600K, used 281458K [0x00000000eab00000, 0x0000000100000000, 0x0000000100000000)
  eden space 225280K, 100% used [0x00000000eab00000,0x00000000f8700000,0x00000000f8700000)
  from space 56320K, 99% used [0x00000000f8700000,0x00000000fbddcb68,0x00000000fbe00000)
  to   space 67584K, 0% used [0x00000000fbe00000,0x00000000fbe00000,0x0000000100000000)
 ParOldGen       total 699392K, used 78406K [0x00000000c0000000, 0x00000000eab00000, 0x00000000eab00000)
  object space 699392K, 11% used [0x00000000c0000000,0x00000000c4c91888,0x00000000eab00000)
 Metaspace       used 152077K, capacity 169772K, committed 169840K, reserved 1198080K
  class space    used 20642K, capacity 21664K, committed 21672K, reserved 1048576K
Event: 72.505 GC heap after
Heap after GC invocations=18 (full 6):
 PSYoungGen      total 262144K, used 62327K [0x00000000eab00000, 0x0000000100000000, 0x0000000100000000)
  eden space 194560K, 0% used [0x00000000eab00000,0x00000000eab00000,0x00000000f6900000)
  from space 67584K, 92% used [0x00000000fbe00000,0x00000000ffaddcc8,0x0000000100000000)
  to   space 77312K, 0% used [0x00000000f6900000,0x00000000f6900000,0x00000000fb480000)
 ParOldGen       total 699392K, used 78414K [0x00000000c0000000, 0x00000000eab00000, 0x00000000eab00000)
  object space 699392K, 11% used [0x00000000c0000000,0x00000000c4c93888,0x00000000eab00000)
 Metaspace       used 152077K, capacity 169772K, committed 169840K, reserved 1198080K
  class space    used 20642K, capacity 21664K, committed 21672K, reserved 1048576K
}
Event: 77.049 GC heap before
{Heap before GC invocations=19 (full 6):
 PSYoungGen      total 262144K, used 141157K [0x00000000eab00000, 0x0000000100000000, 0x0000000100000000)
  eden space 194560K, 40% used [0x00000000eab00000,0x00000000ef7fb860,0x00000000f6900000)
  from space 67584K, 92% used [0x00000000fbe00000,0x00000000ffaddcc8,0x0000000100000000)
  to   space 77312K, 0% used [0x00000000f6900000,0x00000000f6900000,0x00000000fb480000)
 ParOldGen       total 699392K, used 78414K [0x00000000c0000000, 0x00000000eab00000, 0x00000000eab00000)
  object space 699392K, 11% used [0x00000000c0000000,0x00000000c4c93888,0x00000000eab00000)
 Metaspace       used 157038K, capacity 175370K, committed 175472K, reserved 1202176K
  class space    used 21117K, capacity 22120K, committed 22184K, reserved 1048576K
Event: 77.357 GC heap after
Heap after GC invocations=19 (full 6):
 PSYoungGen      total 257024K, used 62132K [0x00000000eab00000, 0x0000000100000000, 0x0000000100000000)
  eden space 194560K, 0% used [0x00000000eab00000,0x00000000eab00000,0x00000000f6900000)
  from space 62464K, 99% used [0x00000000f6900000,0x00000000fa5ad1c0,0x00000000fa600000)
  to   space 83968K, 0% used [0x00000000fae00000,0x00000000fae00000,0x0000000100000000)
 ParOldGen       total 699392K, used 78414K [0x00000000c0000000, 0x00000000eab00000, 0x00000000eab00000)
  object space 699392K, 11% used [0x00000000c0000000,0x00000000c4c93888,0x00000000eab00000)
 Metaspace       used 157038K, capacity 175370K, committed 175472K, reserved 1202176K
  class space    used 21117K, capacity 22120K, committed 22184K, reserved 1048576K
}
Event: 77.359 GC heap before
{Heap before GC invocations=20 (full 7):
 PSYoungGen      total 257024K, used 62132K [0x00000000eab00000, 0x0000000100000000, 0x0000000100000000)
  eden space 194560K, 0% used [0x00000000eab00000,0x00000000eab00000,0x00000000f6900000)
  from space 62464K, 99% used [0x00000000f6900000,0x00000000fa5ad1c0,0x00000000fa600000)
  to   space 83968K, 0% used [0x00000000fae00000,0x00000000fae00000,0x0000000100000000)
 ParOldGen       total 699392K, used 78414K [0x00000000c0000000, 0x00000000eab00000, 0x00000000eab00000)
  object space 699392K, 11% used [0x00000000c0000000,0x00000000c4c93888,0x00000000eab00000)
 Metaspace       used 157038K, capacity 175370K, committed 175472K, reserved 1202176K
  class space    used 21117K, capacity 22120K, committed 22184K, reserved 1048576K
Event: 79.415 GC heap after
Heap after GC invocations=20 (full 7):
 PSYoungGen      total 257024K, used 0K [0x00000000eab00000, 0x0000000100000000, 0x0000000100000000)
  eden space 194560K, 0% used [0x00000000eab00000,0x00000000eab00000,0x00000000f6900000)
  from space 62464K, 0% used [0x00000000f6900000,0x00000000f6900000,0x00000000fa600000)
  to   space 83968K, 0% used [0x00000000fae00000,0x00000000fae00000,0x0000000100000000)
 ParOldGen       total 699392K, used 114647K [0x00000000c0000000, 0x00000000eab00000, 0x00000000eab00000)
  object space 699392K, 16% used [0x00000000c0000000,0x00000000c6ff5cf8,0x00000000eab00000)
 Metaspace       used 152990K, capacity 171234K, committed 175472K, reserved 1202176K
  class space    used 20458K, capacity 21457K, committed 22184K, reserved 1048576K
}

Deoptimization events (10 events):
Event: 72.101 Thread 0x00007f9da800f000 Uncommon trap: reason=class_check action=maybe_recompile pc=0x00007f9dc0a447f0 method=scala.Product2.productElement(I)Ljava/lang/Object; @ 25
Event: 72.101 Thread 0x00007f9da800f000 Uncommon trap: reason=class_check action=maybe_recompile pc=0x00007f9dc0a447f0 method=scala.Product2.productElement(I)Ljava/lang/Object; @ 25
Event: 72.665 Thread 0x00007f9d9894c000 Uncommon trap: reason=unstable_if action=reinterpret pc=0x00007f9dc1238288 method=sun.net.www.protocol.jar.Handler.parseURL(Ljava/net/URL;Ljava/lang/String;II)V @ 94
Event: 72.674 Thread 0x00007f9d9894c000 Uncommon trap: reason=unstable_if action=reinterpret pc=0x00007f9dc0f7f10c method=java.util.HashMap.putVal(ILjava/lang/Object;Ljava/lang/Object;ZZ)Ljava/lang/Object; @ 162
Event: 72.723 Thread 0x00007f9d9894c000 Uncommon trap: reason=unstable_if action=reinterpret pc=0x00007f9dc0a7f63c method=java.util.HashMap.resize()[Ljava/util/HashMap$Node; @ 206
Event: 73.328 Thread 0x00007f9d9894c000 Uncommon trap: reason=unloaded action=reinterpret pc=0x00007f9dc2d485e4 method=javassist.bytecode.ConstPool.readOne(Ljava/io/DataInputStream;)I @ 140
Event: 76.321 Thread 0x00007f9d98945800 Uncommon trap: reason=class_check action=maybe_recompile pc=0x00007f9dc0e9ac04 method=scala.collection.mutable.HashTable.addEntry0(Lscala/collection/mutable/HashEntry;I)V @ 62
Event: 76.324 Thread 0x00007f9d98945800 Uncommon trap: reason=class_check action=maybe_recompile pc=0x00007f9dc0e9ac04 method=scala.collection.mutable.HashTable.addEntry0(Lscala/collection/mutable/HashEntry;I)V @ 62
Event: 76.336 Thread 0x00007f9db4016800 Uncommon trap: reason=class_check action=maybe_recompile pc=0x00007f9dc0e9ac04 method=scala.collection.mutable.HashTable.addEntry0(Lscala/collection/mutable/HashEntry;I)V @ 62
Event: 76.979 Thread 0x00007f9d98945800 Uncommon trap: reason=unhandled action=reinterpret pc=0x00007f9dc2e34f70 method=java.lang.invoke.CallSite.<init>(Ljava/lang/invoke/MethodHandle;)V @ 11

Classes redefined (0 events):
No events

Internal exceptions (10 events):
Event: 71.798 Thread 0x00007f9da800f000 Exception <a 'java/lang/NoSuchMethodError': java.lang.Object.$anonfun$JIntegerJsonFormat$1(Ljava/lang/Integer;)Lscala/Option;> (0x00000000f7cc9cb0) thrown at [/build/openjdk-8-5w_p1G/openjdk-8-8u191-b12/src/hotspot/src/share/vm/interpreter/linkResolver.cp
Event: 71.799 Thread 0x00007f9da800f000 Exception <a 'java/lang/NoSuchMethodError': java.lang.Object.$anonfun$JIntegerJsonFormat$2(Lscala/Option;)Ljava/lang/Integer;> (0x00000000f7cce5f0) thrown at [/build/openjdk-8-5w_p1G/openjdk-8-8u191-b12/src/hotspot/src/share/vm/interpreter/linkResolver.cp
Event: 71.805 Thread 0x00007f9da800f000 Exception <a 'java/lang/ArrayIndexOutOfBoundsException': 1> (0x00000000f7ce9770) thrown at [/build/openjdk-8-5w_p1G/openjdk-8-8u191-b12/src/hotspot/src/share/vm/interpreter/interpreterRuntime.cpp, line 366]
Event: 72.259 Thread 0x00007f9da800f000 Exception <a 'java/lang/NoSuchMethodError': java.lang.Object.$anonfun$$plus$plus$1(Lscala/collection/immutable/SortedMap;Lscala/Tuple2;)Lscala/collection/immutable/SortedMap;> (0x00000000f8467250) thrown at [/build/openjdk-8-5w_p1G/openjdk-8-8u191-b12/src
Event: 72.307 Thread 0x00007f9d9894c000 Exception <a 'java/lang/NoSuchMethodError': java.lang.Object.$anonfun$curried$2(Lscala/Function2;Ljava/lang/Object;Ljava/lang/Object;)Ljava/lang/Object;> (0x00000000f86adc80) thrown at [/build/openjdk-8-5w_p1G/openjdk-8-8u191-b12/src/hotspot/src/share/vm/
Event: 76.306 Thread 0x00007f9da800f000 Exception <a 'sun/nio/fs/UnixException'> (0x00000000ef021dd8) thrown at [/build/openjdk-8-5w_p1G/openjdk-8-8u191-b12/src/hotspot/src/share/vm/prims/jni.cpp, line 709]
Event: 76.306 Thread 0x00007f9da800f000 Exception <a 'sun/nio/fs/UnixException'> (0x00000000ef022678) thrown at [/build/openjdk-8-5w_p1G/openjdk-8-8u191-b12/src/hotspot/src/share/vm/prims/jni.cpp, line 709]
Event: 76.306 Thread 0x00007f9da800f000 Exception <a 'sun/nio/fs/UnixException'> (0x00000000ef0235d0) thrown at [/build/openjdk-8-5w_p1G/openjdk-8-8u191-b12/src/hotspot/src/share/vm/prims/jni.cpp, line 709]
Event: 76.306 Thread 0x00007f9da800f000 Exception <a 'sun/nio/fs/UnixException'> (0x00000000ef023e70) thrown at [/build/openjdk-8-5w_p1G/openjdk-8-8u191-b12/src/hotspot/src/share/vm/prims/jni.cpp, line 709]
Event: 76.934 Thread 0x00007f9d98945800 Exception <a 'java/lang/NoSuchMethodError': java.lang.Object.$anonfun$getPlayCompileEverything$1(Lxsbti/compile/CompileAnalysis;)Lsbt/internal/inc/Analysis;> (0x00000000ef66fe48) thrown at [/build/openjdk-8-5w_p1G/openjdk-8-8u191-b12/src/hotspot/src/share

Events (10 events):
Event: 77.042 Thread 0x00007f9d98946800 Thread exited: 0x00007f9d98946800
Event: 77.045 Executing VM operation: RevokeBias done
Event: 77.045 Thread 0x00007f9db4016800 Thread exited: 0x00007f9db4016800
Event: 77.045 Thread 0x00007f9d9894c000 Thread exited: 0x00007f9d9894c000
Event: 77.045 Thread 0x00007f9da800f000 Thread exited: 0x00007f9da800f000
Event: 77.047 Executing VM operation: ParallelGCSystemGC
Event: 79.822 Thread 0x00007f9dc813f800 flushing nmethod 0x00007f9dc0a49790
Event: 79.837 Thread 0x00007f9dc813f800 flushing nmethod 0x00007f9dc0a51850
Event: 79.822 Executing VM operation: ParallelGCSystemGC done
Event: 81.429 Thread 0x00007f9d9894c000 Thread added: 0x00007f9d9894c000


Dynamic libraries:
c0000000-1015aa000 rw-p 00000000 00:00 0 
1015aa000-140000000 ---p 00000000 00:00 0 
56239bdce000-56239bdcf000 r-xp 00000000 08:01 3017724                    /usr/lib/jvm/java-8-openjdk-amd64/jre/bin/java
56239bfce000-56239bfcf000 r--p 00000000 08:01 3017724                    /usr/lib/jvm/java-8-openjdk-amd64/jre/bin/java
56239bfcf000-56239bfd0000 rw-p 00001000 08:01 3017724                    /usr/lib/jvm/java-8-openjdk-amd64/jre/bin/java
56239c264000-56239c2a6000 rw-p 00000000 00:00 0                          [heap]
7f9d76638000-7f9d767f8000 rw-p 00000000 00:00 0 
7f9d767f8000-7f9d76838000 ---p 00000000 00:00 0 
7f9d76838000-7f9d76a38000 rw-p 00000000 00:00 0 
7f9d76a38000-7f9d76c38000 rw-p 00000000 00:00 0 
7f9d76c38000-7f9d76e38000 rw-p 00000000 00:00 0 
7f9d76e38000-7f9d77038000 rw-p 00000000 00:00 0 
7f9d77038000-7f9d77238000 rw-p 00000000 00:00 0 
7f9d77238000-7f9d77438000 rw-p 00000000 00:00 0 
7f9d77438000-7f9d77638000 rw-p 00000000 00:00 0 
7f9d77638000-7f9d77838000 rw-p 00000000 00:00 0 
7f9d77838000-7f9d77a38000 rw-p 00000000 00:00 0 
7f9d77a38000-7f9d77c38000 rw-p 00000000 00:00 0 
7f9d77c38000-7f9d77e38000 rw-p 00000000 00:00 0 
7f9d77e38000-7f9d78038000 rw-p 00000000 00:00 0 
7f9d78038000-7f9d78238000 rw-p 00000000 00:00 0 
7f9d78238000-7f9d78438000 rw-p 00000000 00:00 0 
7f9d78438000-7f9d78638000 rw-p 00000000 00:00 0 
7f9d78638000-7f9d78838000 rw-p 00000000 00:00 0 
7f9d78838000-7f9d78a38000 rw-p 00000000 00:00 0 
7f9d78a38000-7f9d78c38000 rw-p 00000000 00:00 0 
7f9d78c38000-7f9d78e38000 rw-p 00000000 00:00 0 
7f9d78e38000-7f9d79038000 rw-p 00000000 00:00 0 
7f9d79038000-7f9d79238000 rw-p 00000000 00:00 0 
7f9d79238000-7f9d79438000 rw-p 00000000 00:00 0 
7f9d79438000-7f9d79638000 rw-p 00000000 00:00 0 
7f9d79638000-7f9d7982a000 rw-p 00000000 00:00 0 
7f9d7982a000-7f9d79838000 ---p 00000000 00:00 0 
7f9d79838000-7f9d79a38000 rw-p 00000000 00:00 0 
7f9d79a38000-7f9d79c38000 rw-p 00000000 00:00 0 
7f9d79c38000-7f9d79c3b000 ---p 00000000 00:00 0 
7f9d79c3b000-7f9d79d39000 rw-p 00000000 00:00 0 
7f9d79d39000-7f9d79d3c000 ---p 00000000 00:00 0 
7f9d79d3c000-7f9d79e3a000 rw-p 00000000 00:00 0 
7f9d79e3a000-7f9d79e3d000 ---p 00000000 00:00 0 
7f9d79e3d000-7f9d79f3b000 rw-p 00000000 00:00 0 
7f9d79f3e000-7f9d7a23c000 rw-p 00000000 00:00 0 
7f9d7a23c000-7f9d7a23f000 ---p 00000000 00:00 0 
7f9d7a23f000-7f9d7a33d000 rw-p 00000000 00:00 0 
7f9d7a33d000-7f9d7a340000 ---p 00000000 00:00 0 
7f9d7a340000-7f9d7a63e000 rw-p 00000000 00:00 0 
7f9d7a63e000-7f9d7a641000 ---p 00000000 00:00 0 
7f9d7a641000-7f9d7a93f000 rw-p 00000000 00:00 0 
7f9d7a93f000-7f9d7ab3f000 rw-p 00000000 00:00 0 
7f9d7ab3f000-7f9d7ad3f000 rw-p 00000000 00:00 0 
7f9d7ad3f000-7f9d7ad67000 r-xp 00000000 08:01 3017767                    /usr/lib/jvm/java-8-openjdk-amd64/jre/lib/amd64/libsunec.so
7f9d7ad67000-7f9d7af66000 ---p 00028000 08:01 3017767                    /usr/lib/jvm/java-8-openjdk-amd64/jre/lib/amd64/libsunec.so
7f9d7af66000-7f9d7af6a000 r--p 00027000 08:01 3017767                    /usr/lib/jvm/java-8-openjdk-amd64/jre/lib/amd64/libsunec.so
7f9d7af6a000-7f9d7af6b000 rw-p 0002b000 08:01 3017767                    /usr/lib/jvm/java-8-openjdk-amd64/jre/lib/amd64/libsunec.so
7f9d7af6b000-7f9d7b16b000 rw-p 00000000 00:00 0 
7f9d7b16b000-7f9d7b36b000 rw-p 00000000 00:00 0 
7f9d7b36b000-7f9d7b56b000 rw-p 00000000 00:00 0 
7f9d7b56b000-7f9d7b56e000 ---p 00000000 00:00 0 
7f9d7b56e000-7f9d7b66c000 rw-p 00000000 00:00 0 
7f9d7b6ae000-7f9d7b6fd000 r--s 009b7000 08:01 2885082                    /home/wdd/.ivy2/cache/org.scala-lang/scala-compiler/jars/scala-compiler-2.12.8.jar
7f9d7b6fd000-7f9d7b700000 ---p 00000000 00:00 0 
7f9d7b700000-7f9d7b7fe000 rw-p 00000000 00:00 0 
7f9d7b7fe000-7f9d7b801000 ---p 00000000 00:00 0 
7f9d7b801000-7f9d7b8ff000 rw-p 00000000 00:00 0 
7f9d7b8ff000-7f9d7b902000 ---p 00000000 00:00 0 
7f9d7b902000-7f9d7bc00000 rw-p 00000000 00:00 0 
7f9d7bc00000-7f9d7be00000 rw-p 00000000 00:00 0 
7f9d7be00000-7f9d7c000000 rw-p 00000000 00:00 0 
7f9d7c000000-7f9d7e9dc000 rw-p 00000000 00:00 0 
7f9d7e9dc000-7f9d80000000 ---p 00000000 00:00 0 
7f9d8002f000-7f9d80032000 r--s 00032000 08:01 1053470                    /home/wdd/.sbt/boot/scala-2.12.7/org.scala-sbt/sbt/1.2.8/org.scala-sbt-compiler-bridge_2.12-1.2.5-bin_2.12.8__52.0/org.scala-sbt-compiler-bridge_2.12-1.2.5-bin_2.12.8__52.0.jar
7f9d80032000-7f9d80036000 r--s 0003e000 08:01 2896300                    /home/wdd/.ivy2/cache/jline/jline/jars/jline-2.14.6.jar
7f9d80036000-7f9d8003b000 r--s 002f9000 08:01 3018090                    /usr/lib/jvm/java-8-openjdk-amd64/jre/lib/charsets.jar
7f9d8003b000-7f9d8003c000 r--s 00006000 08:01 2885955                    /home/wdd/.ivy2/cache/org.imgscalr/imgscalr-lib/jars/imgscalr-lib-4.2.jar
7f9d8003c000-7f9d8003e000 r--s 00009000 08:01 526063                     /home/wdd/.ivy2/cache/com.google.inject.extensions/guice-assistedinject/jars/guice-assistedinject-4.1.0.jar
7f9d8003e000-7f9d80040000 r--s 00000000 08:01 3936037                    /home/wdd/.ivy2/cache/aopalliance/aopalliance/jars/aopalliance-1.0.jar
7f9d80040000-7f9d8004e000 r--s 00097000 08:01 526058                     /home/wdd/.ivy2/cache/com.google.inject/guice/jars/guice-4.1.0.jar
7f9d8004e000-7f9d80051000 r--s 00014000 08:01 529849                     /home/wdd/.ivy2/cache/com.typesafe.play/play-guice_2.12/jars/play-guice_2.12-2.6.21.jar
7f9d80051000-7f9d8005d000 r--s 000e0000 08:01 529863                     /home/wdd/.ivy2/cache/com.typesafe.akka/akka-parsing_2.12/jars/akka-parsing_2.12-10.0.15.jar
7f9d8005d000-7f9d8008a000 r--s 00310000 08:01 529861                     /home/wdd/.ivy2/cache/com.typesafe.akka/akka-http-core_2.12/jars/akka-http-core_2.12-10.0.15.jar
7f9d8008a000-7f9d8008c000 r--s 00018000 08:01 529848                     /home/wdd/.ivy2/cache/com.typesafe.play/play-akka-http-server_2.12/jars/play-akka-http-server_2.12-2.6.21.jar
7f9d8008c000-7f9d80097000 r--s 00069000 08:01 3155751                    /home/wdd/.ivy2/cache/ch.qos.logback/logback-core/jars/logback-core-1.2.3.jar
7f9d80097000-7f9d8009d000 r--s 00041000 08:01 3282121                    /home/wdd/.ivy2/cache/ch.qos.logback/logback-classic/jars/logback-classic-1.2.3.jar
7f9d8009d000-7f9d8009e000 r--s 00002000 08:01 529850                     /home/wdd/.ivy2/cache/com.typesafe.play/play-logback_2.12/jars/play-logback_2.12-2.6.21.jar
7f9d8009e000-7f9d800a2000 r--s 00040000 08:01 529847                     /home/wdd/.ivy2/cache/com.typesafe.play/filters-helpers_2.12/jars/filters-helpers_2.12-2.6.21.jar
7f9d800a2000-7f9d800b0000 r--s 000ad000 08:01 529860                     /home/wdd/.ivy2/cache/org.springframework/spring-beans/jars/spring-beans-4.3.21.RELEASE.jar
7f9d800b0000-7f9d800c7000 r--s 000fe000 08:01 529859                     /home/wdd/.ivy2/cache/org.springframework/spring-core/jars/spring-core-4.3.21.RELEASE.jar
7f9d800c7000-7f9d800e1000 r--s 000fe000 08:01 529858                     /home/wdd/.ivy2/cache/org.springframework/spring-context/jars/spring-context-4.3.21.RELEASE.jar
7f9d800e1000-7f9d800e3000 r--s 0000e000 08:01 3805686                    /home/wdd/.ivy2/cache/com.fasterxml/classmate/bundles/classmate-1.3.1.jar
7f9d800e3000-7f9d800e5000 r--s 0000f000 08:01 526168                     /home/wdd/.ivy2/cache/org.jboss.logging/jboss-logging/jars/jboss-logging-3.3.0.Final.jar
7f9d800e5000-7f9d800e9000 r--s 0000c000 08:01 526162                     /home/wdd/.ivy2/cache/javax.validation/validation-api/jars/validation-api-1.1.0.Final.jar
7f9d800e9000-7f9d800fb000 r--s 000a9000 08:01 529857                     /home/wdd/.ivy2/cache/org.hibernate/hibernate-validator/jars/hibernate-validator-5.4.2.Final.jar
7f9d800fb000-7f9d800fd000 r--s 0000d000 08:01 529856                     /home/wdd/.ivy2/cache/com.typesafe.play/play-java_2.12/jars/play-java_2.12-2.6.21.jar
7f9d800fd000-7f9d800ff000 r--s 00010000 08:01 529846                     /home/wdd/.ivy2/cache/com.typesafe.play/play-java-forms_2.12/jars/play-java-forms_2.12-2.6.21.jar
7f9d800ff000-7f9d80102000 ---p 00000000 00:00 0 
7f9d80102000-7f9d80200000 rw-p 00000000 00:00 0 
7f9d80200000-7f9d80203000 ---p 00000000 00:00 0 
7f9d80203000-7f9d80301000 rw-p 00000000 00:00 0 
7f9d80301000-7f9d80304000 ---p 00000000 00:00 0 
7f9d80304000-7f9d80402000 rw-p 00000000 00:00 0 
7f9d80402000-7f9d80406000 r--s 00033000 08:01 3284176                    /home/wdd/.ivy2/cache/com.typesafe.play/play-server_2.12/jars/play-server_2.12-2.6.21.jar
7f9d80406000-7f9d80408000 r--s 0001c000 08:01 406427                     /home/wdd/.ivy2/cache/com.typesafe.play/play-jdbc-evolutions_2.12/jars/play-jdbc-evolutions_2.12-2.6.21.jar
7f9d80408000-7f9d80409000 r--s 00002000 08:01 526135                     /home/wdd/.ivy2/cache/net.jodah/typetools/bundles/typetools-0.5.0.jar
7f9d80409000-7f9d8040c000 r--s 0001d000 08:01 526131                     /home/wdd/.ivy2/cache/org.reflections/reflections/jars/reflections-0.9.11.jar
7f9d8040c000-7f9d80411000 r--s 0002d000 08:01 394509                     /home/wdd/.ivy2/cache/tyrex/tyrex/jars/tyrex-1.0.1.jar
7f9d80411000-7f9d80413000 r--s 00007000 08:01 394505                     /home/wdd/.ivy2/cache/com.googlecode.usc/jdbcdslog/jars/jdbcdslog-1.0.6.2.jar
7f9d80413000-7f9d80417000 r--s 00020000 08:01 394517                     /home/wdd/.ivy2/cache/com.zaxxer/HikariCP/bundles/HikariCP-2.7.9.jar
7f9d80417000-7f9d8041a000 r--s 00019000 08:01 394511                     /home/wdd/.ivy2/cache/com.jolbox/bonecp/bundles/bonecp-0.8.0.RELEASE.jar
7f9d8041a000-7f9d8041b000 r--s 00000000 08:01 393376                     /home/wdd/.ivy2/cache/javax.inject/javax.inject/jars/javax.inject-1.jar
7f9d8041b000-7f9d8041c000 r--s 00003000 08:01 526109                     /home/wdd/.ivy2/cache/javax.transaction/jta/jars/jta-1.1.jar
7f9d8041c000-7f9d80424000 r--s 00071000 08:01 3020296                    /home/wdd/.ivy2/cache/org.apache.commons/commons-lang3/jars/commons-lang3-3.6.jar
7f9d80424000-7f9d80426000 r--s 0000c000 08:01 1576628                    /home/wdd/.ivy2/cache/javax.activation/javax.activation-api/jars/javax.activation-api-1.2.0.jar
7f9d80426000-7f9d8042a000 r--s 0001c000 08:01 406430                     /home/wdd/.ivy2/cache/javax.xml.bind/jaxb-api/jars/jaxb-api-2.3.1.jar
7f9d8042a000-7f9d8042e000 r--s 00018000 08:01 526105                     /home/wdd/.ivy2/cache/io.jsonwebtoken/jjwt/jars/jjwt-0.7.0.jar
7f9d8042e000-7f9d8042f000 r--s 00000000 08:01 393326                     /home/wdd/.ivy2/cache/org.codehaus.mojo/animal-sniffer-annotations/jars/animal-sniffer-annotations-1.14.jar
7f9d8042f000-7f9d80431000 r--s 00001000 08:01 393324                     /home/wdd/.ivy2/cache/com.google.j2objc/j2objc-annotations/jars/j2objc-annotations-1.1.jar
7f9d80431000-7f9d80433000 r--s 00002000 08:01 406432                     /home/wdd/.ivy2/cache/com.google.errorprone/error_prone_annotations/jars/error_prone_annotations-2.1.3.jar
7f9d80433000-7f9d80435000 r--s 00006000 08:01 1576626                    /home/wdd/.ivy2/cache/org.checkerframework/checker-compat-qual/jars/checker-compat-qual-2.0.0.jar
7f9d80435000-7f9d80438000 r--s 00006000 08:01 3804141                    /home/wdd/.ivy2/cache/com.google.code.findbugs/jsr305/jars/jsr305-1.3.9.jar
7f9d80438000-7f9d8046a000 r--s 00264000 08:01 3806602                    /home/wdd/.ivy2/cache/com.google.guava/guava/bundles/guava-23.6.1-jre.jar
7f9d8046a000-7f9d8047b000 r--s 0008a000 08:01 526123                     /home/wdd/.ivy2/cache/joda-time/joda-time/jars/joda-time-2.9.9.jar
7f9d8047b000-7f9d8047c000 r--s 00000000 08:01 526119                     /home/wdd/.ivy2/cache/org.typelevel/macro-compat_2.12/jars/macro-compat_2.12-1.1.1.jar
7f9d8047c000-7f9d8049f000 r--s 00357000 08:01 2885326                    /home/wdd/.ivy2/cache/org.scala-lang/scala-reflect/jars/scala-reflect-2.12.8.jar
7f9d8049f000-7f9d804a2000 r--s 00029000 08:01 529855                     /home/wdd/.ivy2/cache/com.typesafe.play/play-functional_2.12/jars/play-functional_2.12-2.6.12.jar
7f9d804a2000-7f9d804a9000 r--s 000a2000 08:01 529854                     /home/wdd/.ivy2/cache/com.typesafe.play/play-json_2.12/jars/play-json_2.12-2.6.12.jar
7f9d804a9000-7f9d804b0000 r--s 0004b000 08:01 3284178                    /home/wdd/.ivy2/cache/commons-codec/commons-codec/jars/commons-codec-1.11.jar
7f9d804b0000-7f9d804b2000 r--s 00014000 08:01 526100                     /home/wdd/.ivy2/cache/com.fasterxml.jackson.datatype/jackson-datatype-jsr310/bundles/jackson-datatype-jsr310-2.8.11.jar
7f9d804b2000-7f9d804c4000 r--s 0011f000 08:01 406429                     /home/wdd/.ivy2/cache/com.fasterxml.jackson.core/jackson-databind/bundles/jackson-databind-2.8.11.3.jar
7f9d804c4000-7f9d804c6000 r--s 00007000 08:01 526097                     /home/wdd/.ivy2/cache/com.fasterxml.jackson.datatype/jackson-datatype-jdk8/bundles/jackson-datatype-jdk8-2.8.11.jar
7f9d804c6000-7f9d804c9000 r--s 0000b000 08:01 3936123                    /home/wdd/.ivy2/cache/com.fasterxml.jackson.core/jackson-annotations/bundles/jackson-annotations-2.8.11.jar
7f9d804c9000-7f9d804ca000 r--s 00003000 08:01 529853                     /home/wdd/.ivy2/cache/com.typesafe.akka/akka-slf4j_2.12/jars/akka-slf4j_2.12-2.5.19.jar
7f9d804ca000-7f9d804cd000 r--s 00031000 08:01 2886223                    /home/wdd/.ivy2/cache/org.scala-lang.modules/scala-parser-combinators_2.12/bundles/scala-parser-combinators_2.12-1.0.7.jar
7f9d804cd000-7f9d804d1000 r--s 0003f000 08:01 2885328                    /home/wdd/.ivy2/cache/com.typesafe/ssl-config-core_2.12/bundles/ssl-config-core_2.12-0.3.6.jar
7f9d804d1000-7f9d804d8000 r--s 00070000 08:01 3935745                    /home/wdd/.ivy2/cache/com.typesafe.akka/akka-protobuf_2.12/jars/akka-protobuf_2.12-2.5.19.jar
7f9d804d8000-7f9d804fd000 r--s 0032b000 08:01 3935738                    /home/wdd/.ivy2/cache/com.typesafe.akka/akka-actor_2.12/jars/akka-actor_2.12-2.5.19.jar
7f9d804fd000-7f9d80536000 r--s 003fc000 08:01 406431                     /home/wdd/.ivy2/cache/com.typesafe.akka/akka-stream_2.12/jars/akka-stream_2.12-2.5.19.jar
7f9d80536000-7f9d80537000 r--s 00000000 08:01 2896334                    /home/wdd/.ivy2/cache/org.reactivestreams/reactive-streams/jars/reactive-streams-1.0.2.jar
7f9d80537000-7f9d80539000 r--s 00014000 08:01 529852                     /home/wdd/.ivy2/cache/com.typesafe.play/play-streams_2.12/jars/play-streams_2.12-2.6.21.jar
7f9d80539000-7f9d8053b000 r--s 00003000 08:01 2890301                    /home/wdd/.ivy2/cache/org.slf4j/jcl-over-slf4j/jars/jcl-over-slf4j-1.7.25.jar
7f9d8053b000-7f9d8053d000 r--s 00000000 08:01 2890299                    /home/wdd/.ivy2/cache/org.slf4j/jul-to-slf4j/jars/jul-to-slf4j-1.7.25.jar
7f9d8053d000-7f9d8053e000 r--s 00004000 08:01 529851                     /home/wdd/.ivy2/cache/com.typesafe.play/play-netty-utils/jars/play-netty-utils-2.6.21.jar
7f9d8053e000-7f9d8055b000 r--s 00280000 08:01 3542058                    /home/wdd/.ivy2/cache/com.typesafe.play/play_2.12/jars/play_2.12-2.6.21.jar
7f9d8055b000-7f9d8055c000 r--s 00001000 08:01 406433                     /home/wdd/.ivy2/cache/com.typesafe.play/play-jdbc-api_2.12/jars/play-jdbc-api_2.12-2.6.21.jar
7f9d8055c000-7f9d8055e000 r--s 0000f000 08:01 406428                     /home/wdd/.ivy2/cache/com.typesafe.play/play-jdbc_2.12/jars/play-jdbc_2.12-2.6.21.jar
7f9d8055e000-7f9d8055f000 r--s 00002000 08:01 394512                     /home/wdd/.ivy2/cache/com.typesafe.play/play-java-jdbc_2.12/jars/play-java-jdbc_2.12-2.6.6.jar
7f9d8055f000-7f9d80563000 r--s 0004b000 08:01 394279                     /home/wdd/.ivy2/cache/com.fasterxml.jackson.core/jackson-core/bundles/jackson-core-2.9.0.jar
7f9d80563000-7f9d80565000 r--s 00002000 08:01 394494                     /home/wdd/.ivy2/cache/com.typesafe.play/play-ebean_2.12/jars/play-ebean_2.12-4.0.6.jar
7f9d80565000-7f9d8056b000 r--s 00080000 08:01 2889486                    /home/wdd/.ivy2/cache/org.scala-lang.modules/scala-xml_2.12/bundles/scala-xml_2.12-1.0.6.jar
7f9d8056b000-7f9d805a3000 r--s 004d0000 08:01 2885325                    /home/wdd/.ivy2/cache/org.scala-lang/scala-library/jars/scala-library-2.12.8.jar
7f9d805a3000-7f9d805b3000 r--s 001c7000 08:01 394520                     /home/wdd/.ivy2/cache/com.h2database/h2/jars/h2-1.4.197.jar
7f9d805b3000-7f9d805b6000 ---p 00000000 00:00 0 
7f9d805b6000-7f9d806b4000 rw-p 00000000 00:00 0 
7f9d806b4000-7f9d806b7000 ---p 00000000 00:00 0 
7f9d806b7000-7f9d809b5000 rw-p 00000000 00:00 0 
7f9d809b5000-7f9d809b6000 rwxp 00000000 00:00 0 
7f9d809b6000-7f9d809b8000 r--s 00016000 08:01 3027554                    /usr/lib/jvm/java-8-openjdk-amd64/jre/lib/jce.jar
7f9d809b8000-7f9d80bb8000 rw-p 00000000 00:00 0 
7f9d80bb8000-7f9d80db8000 rw-p 00000000 00:00 0 
7f9d80db8000-7f9d80fb8000 rw-p 00000000 00:00 0 
7f9d80fb8000-7f9d811b8000 rw-p 00000000 00:00 0 
7f9d811b8000-7f9d811bd000 r--s 00051000 08:01 394280                     /home/wdd/.ivy2/cache/io.ebean/ebean-agent/jars/ebean-agent-10.4.1.jar
7f9d811bd000-7f9d811c3000 r--s 00046000 08:01 3280378                    /home/wdd/.ivy2/cache/org.antlr/antlr4-runtime/jars/antlr4-runtime-4.6.jar
7f9d811c3000-7f9d811d2000 r--s 001a7000 08:01 394286                     /home/wdd/.ivy2/cache/com.h2database/h2/jars/h2-1.4.193.jar
7f9d811d2000-7f9d811d4000 r--s 00008000 08:01 394284                     /home/wdd/.ivy2/cache/io.ebean/ebean-dbmigration/jars/ebean-dbmigration-10.1.10.jar
7f9d811d4000-7f9d811d6000 r--s 00008000 08:01 394287                     /home/wdd/.ivy2/cache/org.avaje/avaje-classpath-scanner/jars/avaje-classpath-scanner-2.2.2.jar
7f9d811d6000-7f9d811d7000 r--s 00001000 08:01 394276                     /home/wdd/.ivy2/cache/org.avaje/avaje-classpath-scanner-api/jars/avaje-classpath-scanner-api-2.2.jar
7f9d811d7000-7f9d811d8000 r--s 0000b000 08:01 394277                     /home/wdd/.ivy2/cache/org.avaje/avaje-datasource/jars/avaje-datasource-2.1.1.jar
7f9d811d8000-7f9d811da000 r--s 00009000 08:01 2896325                    /home/wdd/.ivy2/cache/org.slf4j/slf4j-api/jars/slf4j-api-1.7.26.jar
7f9d811da000-7f9d811db000 r--s 00002000 08:01 394278                     /home/wdd/.ivy2/cache/org.avaje/avaje-datasource-api/jars/avaje-datasource-api-1.1.jar
7f9d811db000-7f9d811de000 r--s 00006000 08:01 394285                     /home/wdd/.ivy2/cache/io.ebean/ebean-annotation/jars/ebean-annotation-2.3.jar
7f9d811de000-7f9d811e2000 r--s 0000e000 08:01 394288                     /home/wdd/.ivy2/cache/io.ebean/persistence-api/jars/persistence-api-2.2.1.jar
7f9d811e2000-7f9d811e4000 r--s 00003000 08:01 394281                     /home/wdd/.ivy2/cache/org.jetbrains/annotations/jars/annotations-13.0.jar
7f9d811e4000-7f9d81207000 r--s 001c8000 08:01 394283                     /home/wdd/.ivy2/cache/io.ebean/ebean/jars/ebean-10.4.4.jar
7f9d81207000-7f9d81208000 r--s 00003000 08:01 394291                     /home/wdd/.ivy2/cache/scala_2.12/sbt_1.0/com.typesafe.sbt/sbt-play-ebean/jars/sbt-play-ebean-4.0.6.jar
7f9d81208000-7f9d81212000 r--s 000aa000 08:01 393700                     /home/wdd/.ivy2/cache/org.javassist/javassist/bundles/javassist-3.21.0-GA.jar
7f9d81212000-7f9d81213000 r--s 00001000 08:01 394282                     /home/wdd/.ivy2/cache/com.typesafe.play/play-enhancer/jars/play-enhancer-1.2.2.jar
7f9d81213000-7f9d81214000 r--s 00003000 08:01 3670242                    /home/wdd/.ivy2/cache/scala_2.12/sbt_1.0/com.typesafe.sbt/sbt-play-enhancer/jars/sbt-play-enhancer-1.2.2.jar
7f9d81214000-7f9d8127c000 r--s 00319000 08:01 393320                     /home/wdd/.ivy2/cache/org.webjars/npm/jars/npm-4.2.0.jar
7f9d8127c000-7f9d8127d000 r--s 00001000 08:01 2890267                    /home/wdd/.ivy2/cache/com.typesafe/npm_2.12/jars/npm_2.12-1.2.1.jar
7f9d8127d000-7f9d81280000 r--s 00045000 08:01 4066309                    /home/wdd/.ivy2/cache/io.spray/spray-json_2.12/jars/spray-json_2.12-1.3.5.jar
7f9d81280000-7f9d81285000 r--s 000d2000 08:01 406409                     /home/wdd/.ivy2/cache/io.apigee.trireme/trireme-node10src/jars/trireme-node10src-0.9.4.jar
7f9d81285000-7f9d81292000 r--s 00125000 08:01 406411                     /home/wdd/.ivy2/cache/org.mozilla/rhino/jars/rhino-1.7.10.jar
7f9d81292000-7f9d81297000 r--s 0002d000 08:01 406410                     /home/wdd/.ivy2/cache/io.apigee.trireme/trireme-kernel/jars/trireme-kernel-0.9.4.jar
7f9d81297000-7f9d8129c000 r--s 00036000 08:01 406408                     /home/wdd/.ivy2/cache/io.apigee.trireme/trireme-core/jars/trireme-core-0.9.4.jar
7f9d8129c000-7f9d812c1000 r--s 00325000 08:01 3935689                    /home/wdd/.ivy2/cache/com.typesafe.akka/akka-actor_2.12/jars/akka-actor_2.12-2.5.18.jar
7f9d812c1000-7f9d812c4000 r--s 00020000 08:01 2885310                    /home/wdd/.ivy2/cache/com.typesafe/jse_2.12/jars/jse_2.12-1.2.4.jar
7f9d812c4000-7f9d814c4000 rw-p 00000000 00:00 0 
7f9d814c4000-7f9d814c5000 r--s 00012000 08:01 3283491                    /home/wdd/.ivy2/cache/scala_2.12/sbt_1.0/com.typesafe.sbt/sbt-js-engine/jars/sbt-js-engine-1.2.3.jar
7f9d814c5000-7f9d814c9000 r--s 0004c000 08:01 406407                     /home/wdd/.ivy2/cache/com.fasterxml.jackson.core/jackson-core/bundles/jackson-core-2.9.7.jar
7f9d814c9000-7f9d814d1000 r--s 00073000 08:01 3024393                    /home/wdd/.ivy2/cache/org.apache.commons/commons-lang3/jars/commons-lang3-3.8.1.jar
7f9d814d1000-7f9d814d2000 r--s 00006000 08:01 3934048                    /home/wdd/.ivy2/cache/org.webjars/webjars-locator-core/jars/webjars-locator-core-0.36.jar
7f9d814d2000-7f9d814e5000 r--s 0010a000 08:01 2890263                    /home/wdd/.ivy2/cache/org.scala-lang.modules/scala-java8-compat_2.12/bundles/scala-java8-compat_2.12-0.8.0.jar
7f9d814e5000-7f9d8153c000 r--s 00391000 08:01 406405                     /home/wdd/.ivy2/cache/org.bouncycastle/bcprov-jdk15on/jars/bcprov-jdk15on-1.59.jar
7f9d8153c000-7f9d8173c000 rw-p 00000000 00:00 0 
7f9d8173c000-7f9d8173f000 ---p 00000000 00:00 0 
7f9d8173f000-7f9d8183d000 rw-p 00000000 00:00 0 
7f9d8183d000-7f9d81840000 ---p 00000000 00:00 0 
7f9d81840000-7f9d81b3e000 rw-p 00000000 00:00 0 
7f9d81b3e000-7f9d81b56000 r-xp 00000000 08:01 2490534                    /tmp/jna-117559/jna2658875078944123643.tmp (deleted)
7f9d81b56000-7f9d81d56000 ---p 00018000 08:01 2490534                    /tmp/jna-117559/jna2658875078944123643.tmp (deleted)
7f9d81d56000-7f9d81d57000 rw-p 00018000 08:01 2490534                    /tmp/jna-117559/jna2658875078944123643.tmp (deleted)
7f9d81d57000-7f9d81f57000 rw-p 00000000 00:00 0 
7f9d81f57000-7f9d81f5a000 ---p 00000000 00:00 0 
7f9d81f5a000-7f9d82258000 rw-p 00000000 00:00 0 
7f9d82258000-7f9d8225b000 ---p 00000000 00:00 0 
7f9d8225b000-7f9d82359000 rw-p 00000000 00:00 0 
7f9d82359000-7f9d8235c000 ---p 00000000 00:00 0 
7f9d8235c000-7f9d8265a000 rw-p 00000000 00:00 0 
7f9d8265a000-7f9d8265d000 ---p 00000000 00:00 0 
7f9d8265d000-7f9d8295b000 rw-p 00000000 00:00 0 
7f9d8295b000-7f9d82b5b000 rw-p 00000000 00:00 0 
7f9d82b5b000-7f9d82d5b000 rw-p 00000000 00:00 0 
7f9d82d5b000-7f9d82f5b000 rw-p 00000000 00:00 0 
7f9d82f5b000-7f9d8315b000 rw-p 00000000 00:00 0 
7f9d8315b000-7f9d8335b000 rw-p 00000000 00:00 0 
7f9d8335b000-7f9d8335d000 r--s 0001e000 08:01 406389                     /home/wdd/.ivy2/cache/scala_2.12/sbt_1.0/com.typesafe.sbt/sbt-web/jars/sbt-web-1.4.4.jar
7f9d8335d000-7f9d8335e000 r--s 00008000 08:01 393294                     /home/wdd/.ivy2/cache/scala_2.12/sbt_1.0/com.lightbend.sbt/sbt-javaagent/jars/sbt-javaagent-0.1.4.jar
7f9d8335e000-7f9d83364000 r--s 00082000 08:01 2885309                    /home/wdd/.ivy2/cache/org.scala-lang.modules/scala-xml_2.12/bundles/scala-xml_2.12-1.1.1.jar
7f9d83364000-7f9d83368000 r--s 00034000 08:01 2896336                    /home/wdd/.ivy2/cache/org.scala-lang.modules/scala-parser-combinators_2.12/bundles/scala-parser-combinators_2.12-1.1.1.jar
7f9d83368000-7f9d8337b000 r--s 000af000 08:01 406399                     /home/wdd/.ivy2/cache/org.bouncycastle/bcpkix-jdk15on/jars/bcpkix-jdk15on-1.59.jar
7f9d8337b000-7f9d83380000 r--s 00041000 08:01 393436                     /home/wdd/.ivy2/cache/commons-lang/commons-lang/jars/commons-lang-2.6.jar
7f9d83380000-7f9d83385000 r--s 00033000 08:01 406403                     /home/wdd/.ivy2/cache/com.github.jnr/jnr-posix/jars/jnr-posix-3.0.35.jar
7f9d83385000-7f9d83386000 r--s 00006000 08:01 406402                     /home/wdd/.ivy2/cache/com.github.jnr/jnr-enxio/jars/jnr-enxio-0.16.jar
7f9d83386000-7f9d8338c000 r--s 00052000 08:01 406401                     /home/wdd/.ivy2/cache/com.github.jnr/jnr-constants/jars/jnr-constants-0.9.8.jar
7f9d8338c000-7f9d8338f000 r--s 00033000 08:01 393458                     /home/wdd/.ivy2/cache/com.github.jnr/jnr-x86asm/jars/jnr-x86asm-1.0.2.jar
7f9d8338f000-7f9d83390000 r--s 0000a000 08:01 3282100                    /home/wdd/.ivy2/cache/org.ow2.asm/asm-util/jars/asm-util-5.0.3.jar
7f9d83390000-7f9d83391000 r--s 00004000 08:01 3019955                    /home/wdd/.ivy2/cache/org.ow2.asm/asm-analysis/jars/asm-analysis-5.0.3.jar
7f9d83391000-7f9d83393000 r--s 00006000 08:01 3282099                    /home/wdd/.ivy2/cache/org.ow2.asm/asm-tree/jars/asm-tree-5.0.3.jar
7f9d83393000-7f9d83395000 r--s 00009000 08:01 3155732                    /home/wdd/.ivy2/cache/org.ow2.asm/asm-commons/jars/asm-commons-5.0.3.jar
7f9d83395000-7f9d83396000 r--s 0000c000 08:01 3282098                    /home/wdd/.ivy2/cache/org.ow2.asm/asm/jars/asm-5.0.3.jar
7f9d83396000-7f9d83398000 r--s 0009a000 08:01 406406                     /home/wdd/.ivy2/cache/com.github.jnr/jffi/jars/jffi-1.2.15-native.jar
7f9d83398000-7f9d8339b000 r--s 00022000 08:01 406404                     /home/wdd/.ivy2/cache/com.github.jnr/jffi/jars/jffi-1.2.15.jar
7f9d8339b000-7f9d833ab000 r--s 00096000 08:01 406400                     /home/wdd/.ivy2/cache/com.github.jnr/jnr-ffi/jars/jnr-ffi-2.1.4.jar
7f9d833ab000-7f9d833ac000 r--s 0000a000 08:01 406397                     /home/wdd/.ivy2/cache/com.github.jnr/jnr-unixsocket/jars/jnr-unixsocket-0.18.jar
7f9d833ac000-7f9d833ae000 r--s 0000e000 08:01 1313800                    /home/wdd/.ivy2/cache/javax.activation/activation/jars/activation-1.1.jar
7f9d833ae000-7f9d833b1000 r--s 0000f000 08:01 393382                     /home/wdd/.ivy2/cache/org.glassfish.jersey.ext/jersey-entity-filtering/jars/jersey-entity-filtering-2.22.2.jar
7f9d833b1000-7f9d833b3000 r--s 00004000 08:01 393380                     /home/wdd/.ivy2/cache/org.glassfish.jersey.media/jersey-media-json-jackson/jars/jersey-media-json-jackson-2.22.2.jar
7f9d833b3000-7f9d833ba000 r--s 0003a000 08:01 3282096                    /home/wdd/.ivy2/cache/commons-codec/commons-codec/jars/commons-codec-1.9.jar
7f9d833ba000-7f9d833bc000 r--s 0000e000 08:01 3282095                    /home/wdd/.ivy2/cache/commons-logging/commons-logging/jars/commons-logging-1.2.jar
7f9d833bc000-7f9d833c3000 r--s 00049000 08:01 3155731                    /home/wdd/.ivy2/cache/org.apache.httpcomponents/httpcore/jars/httpcore-4.4.5.jar
7f9d833c3000-7f9d833d0000 r--s 000a5000 08:01 3155730                    /home/wdd/.ivy2/cache/org.apache.httpcomponents/httpclient/jars/httpclient-4.5.jar
7f9d833d0000-7f9d833d2000 r--s 00005000 08:01 393378                     /home/wdd/.ivy2/cache/org.glassfish.jersey.connectors/jersey-apache-connector/jars/jersey-apache-connector-2.22.2.jar
7f9d833d2000-7f9d833d3000 r--s 00004000 08:01 393360                     /home/wdd/.ivy2/cache/org.glassfish.hk2/osgi-resource-locator/jars/osgi-resource-locator-1.0.1.jar
7f9d833d3000-7f9d833d7000 r--s 00029000 08:01 393342                     /home/wdd/.ivy2/cache/org.glassfish.hk2/hk2-locator/jars/hk2-locator-2.4.0-b34.jar
7f9d833d7000-7f9d833d8000 r--s 00001000 08:01 393340                     /home/wdd/.ivy2/cache/org.glassfish.hk2.external/javax.inject/jars/javax.inject-2.4.0-b34.jar
7f9d833d8000-7f9d833da000 r--s 00002000 08:01 393368                     /home/wdd/.ivy2/cache/org.glassfish.hk2.external/aopalliance-repackaged/jars/aopalliance-repackaged-2.4.0-b34.jar
7f9d833da000-7f9d833f2000 r--s 000d6000 08:01 393356                     /home/wdd/.ivy2/cache/org.glassfish.jersey.bundles.repackaged/jersey-guava/bundles/jersey-guava-2.22.2.jar
7f9d833f2000-7f9d83400000 r--s 0009d000 08:01 393334                     /home/wdd/.ivy2/cache/org.glassfish.jersey.core/jersey-common/jars/jersey-common-2.22.2.jar
7f9d83400000-7f9d83600000 rw-p 00000000 00:00 0 
7f9d83600000-7f9d83800000 rw-p 00000000 00:00 0 
7f9d83800000-7f9d83a00000 rw-p 00000000 00:00 0 
7f9d83a00000-7f9d83c00000 rw-p 00000000 00:00 0 
7f9d83c00000-7f9d83e00000 rw-p 00000000 00:00 0 
7f9d83e00000-7f9d84000000 rw-p 00000000 00:00 0 
7f9d84000000-7f9d8499a000 rw-p 00000000 00:00 0 
7f9d8499a000-7f9d88000000 ---p 00000000 00:00 0 
7f9d88000000-7f9d88021000 rw-p 00000000 00:00 0 
7f9d88021000-7f9d8c000000 ---p 00000000 00:00 0 
7f9d8c000000-7f9d8c2a3000 rw-p 00000000 00:00 0 
7f9d8c2a3000-7f9d90000000 ---p 00000000 00:00 0 
7f9d90000000-7f9d90021000 rw-p 00000000 00:00 0 
7f9d90021000-7f9d94000000 ---p 00000000 00:00 0 
7f9d94000000-7f9d94004000 r--s 0001a000 08:01 393364                     /home/wdd/.ivy2/cache/org.glassfish.hk2/hk2-utils/jars/hk2-utils-2.4.0-b34.jar
7f9d94004000-7f9d94009000 r--s 00027000 08:01 393336                     /home/wdd/.ivy2/cache/org.glassfish.hk2/hk2-api/jars/hk2-api-2.4.0-b34.jar
7f9d94009000-7f9d9400b000 r--s 00005000 08:01 393352                     /home/wdd/.ivy2/cache/javax.annotation/javax.annotation-api/jars/javax.annotation-api-1.2.jar
7f9d9400b000-7f9d9400f000 r--s 00019000 08:01 393330                     /home/wdd/.ivy2/cache/javax.ws.rs/javax.ws.rs-api/jars/javax.ws.rs-api-2.0.1.jar
7f9d9400f000-7f9d94013000 r--s 00025000 08:01 393375                     /home/wdd/.ivy2/cache/org.glassfish.jersey.core/jersey-client/jars/jersey-client-2.22.2.jar
7f9d94013000-7f9d94016000 r--s 00011000 08:01 406395                     /home/wdd/.ivy2/cache/com.fasterxml.jackson.datatype/jackson-datatype-guava/bundles/jackson-datatype-guava-2.9.6.jar
7f9d94016000-7f9d94018000 r--s 00007000 08:01 3806591                    /home/wdd/.ivy2/cache/com.fasterxml.jackson.module/jackson-module-jaxb-annotations/bundles/jackson-module-jaxb-annotations-2.9.6.jar
7f9d94018000-7f9d9401b000 r--s 0000e000 08:01 3934047                    /home/wdd/.ivy2/cache/com.fasterxml.jackson.core/jackson-annotations/bundles/jackson-annotations-2.9.0.jar
7f9d9401b000-7f9d9402e000 r--s 00137000 08:01 406396                     /home/wdd/.ivy2/cache/com.fasterxml.jackson.core/jackson-databind/bundles/jackson-databind-2.9.6.jar
7f9d9402e000-7f9d9402f000 r--s 00007000 08:01 406398                     /home/wdd/.ivy2/cache/com.fasterxml.jackson.jaxrs/jackson-jaxrs-base/bundles/jackson-jaxrs-base-2.9.6.jar
7f9d9402f000-7f9d94030000 r--s 00003000 08:01 406394                     /home/wdd/.ivy2/cache/com.fasterxml.jackson.jaxrs/jackson-jaxrs-json-provider/bundles/jackson-jaxrs-json-provider-2.9.6.jar
7f9d94030000-7f9d9405f000 r--s 00226000 08:01 3806584                    /home/wdd/.ivy2/cache/com.google.guava/guava/bundles/guava-20.0.jar
7f9d9405f000-7f9d94071000 r--s 000a4000 08:01 406392                     /home/wdd/.ivy2/cache/com.spotify/docker-client/jars/docker-client-8.14.3.jar
7f9d94071000-7f9d9408b000 r--s 0021e000 08:01 2889954                    /home/wdd/.ivy2/cache/net.java.dev.jna/jna-platform/jars/jna-platform-4.5.0.jar
7f9d9408b000-7f9d9408c000 r--s 00005000 08:01 3670895                    /home/wdd/.ivy2/cache/com.swoval/apple-file-events/jars/apple-file-events-1.3.2.jar
7f9d9408c000-7f9d94090000 r--s 00049000 08:01 2885252                    /home/wdd/.ivy2/cache/org.scala-sbt/io_2.12/jars/io_2.12-1.2.2.jar
7f9d94090000-7f9d94091000 r--s 00004000 08:01 406393                     /home/wdd/.ivy2/cache/org.apache.ant/ant-launcher/jars/ant-launcher-1.10.5.jar
7f9d94091000-7f9d940b0000 r--s 001ff000 08:01 406390                     /home/wdd/.ivy2/cache/org.apache.ant/ant/jars/ant-1.10.5.jar
7f9d940b0000-7f9d940bb000 r--s 00086000 08:01 3155866                    /home/wdd/.ivy2/cache/org.apache.commons/commons-compress/jars/commons-compress-1.18.jar
7f9d940bb000-7f9d940c3000 r--s 000b2000 08:01 406391                     /home/wdd/.ivy2/cache/scala_2.12/sbt_1.0/com.typesafe.sbt/sbt-native-packager/jars/sbt-native-packager-1.3.15.jar
7f9d940c3000-7f9d940c5000 r--s 00012000 08:01 394262                     /home/wdd/.ivy2/cache/com.typesafe.play/twirl-parser_2.12/jars/twirl-parser_2.12-1.3.15.jar
7f9d940c5000-7f9d940c7000 r--s 0000f000 08:01 394263                     /home/wdd/.ivy2/cache/com.typesafe.play/twirl-compiler_2.12/jars/twirl-compiler_2.12-1.3.15.jar
7f9d940c7000-7f9d940c8000 r--s 0000c000 08:01 394290                     /home/wdd/.ivy2/cache/scala_2.12/sbt_1.0/com.typesafe.sbt/sbt-twirl/jars/sbt-twirl-1.3.15.jar
7f9d940c8000-7f9d940c9000 r--s 00003000 08:01 2890261                    /home/wdd/.ivy2/cache/org.slf4j/slf4j-simple/jars/slf4j-simple-1.7.25.jar
7f9d940c9000-7f9d940ce000 r--s 00041000 08:01 2896324                    /home/wdd/.ivy2/cache/com.typesafe/config/bundles/config-1.3.3.jar
7f9d940ce000-7f9d940d1000 r--s 00021000 08:01 3673072                    /home/wdd/.ivy2/cache/com.github.pathikrit/better-files_2.12/jars/better-files_2.12-2.17.1.jar
7f9d940d1000-7f9d940d6000 r--s 00167000 08:01 2885308                    /home/wdd/.ivy2/cache/net.java.dev.jna/jna/jars/jna-5.0.0.jar
7f9d940d6000-7f9d940d7000 r--s 00008000 08:01 3679054                    /home/wdd/.ivy2/cache/io.methvin/directory-watcher/jars/directory-watcher-0.8.1.jar
7f9d940d7000-7f9d940d9000 r--s 0000b000 08:01 3934043                    /home/wdd/.ivy2/cache/com.lightbend.play/play-file-watch_2.12/jars/play-file-watch_2.12-1.1.8.jar
7f9d940d9000-7f9d940da000 r--s 00001000 08:01 3417719                    /home/wdd/.ivy2/cache/com.typesafe.play/play-exceptions/jars/play-exceptions-2.6.21.jar
7f9d940da000-7f9d940db000 r--s 00000000 08:01 3417718                    /home/wdd/.ivy2/cache/com.typesafe.play/build-link/jars/build-link-2.6.21.jar
7f9d940db000-7f9d940dd000 r--s 00010000 08:01 3934045                    /home/wdd/.ivy2/cache/com.typesafe.play/run-support_2.12/jars/run-support_2.12-2.6.21.jar
7f9d940dd000-7f9d940e1000 r--s 0002f000 08:01 3282094                    /home/wdd/.ivy2/cache/commons-io/commons-io/jars/commons-io-2.5.jar
7f9d940e1000-7f9d940e3000 r--s 00011000 08:01 3280375                    /home/wdd/.ivy2/cache/com.typesafe.play/twirl-api_2.12/jars/twirl-api_2.12-1.3.15.jar
7f9d940e3000-7f9d940e6000 r--s 00031000 08:01 3934044                    /home/wdd/.ivy2/cache/com.typesafe.play/sbt-routes-compiler_2.12/jars/sbt-routes-compiler_2.12-2.6.21.jar
7f9d940e6000-7f9d940e9000 ---p 00000000 00:00 0 
7f9d940e9000-7f9d941e7000 rw-p 00000000 00:00 0 
7f9d941e7000-7f9d941ec000 r--s 002f9000 08:01 3018090                    /usr/lib/jvm/java-8-openjdk-amd64/jre/lib/charsets.jar
7f9d941ec000-7f9d941ff000 r--s 00346000 08:01 3027576                    /usr/lib/jvm/java-8-openjdk-amd64/jre/lib/resources.jar
7f9d941ff000-7f9d943ff000 rw-p 00000000 00:00 0 
7f9d943ff000-7f9d945ff000 rw-p 00000000 00:00 0 
7f9d945ff000-7f9d947ff000 rw-p 00000000 00:00 0 
7f9d947ff000-7f9d949ff000 rw-p 00000000 00:00 0 
7f9d949ff000-7f9d94bff000 rw-p 00000000 00:00 0 
7f9d94bff000-7f9d94dff000 rw-p 00000000 00:00 0 
7f9d94dff000-7f9d94fff000 rw-p 00000000 00:00 0 
7f9d94fff000-7f9d98000000 rw-p 00000000 00:00 0 
7f9d98000000-7f9d992ce000 rw-p 00000000 00:00 0 
7f9d992ce000-7f9d9c000000 ---p 00000000 00:00 0 
7f9d9c000000-7f9d9c0e9000 rw-p 00000000 00:00 0 
7f9d9c0e9000-7f9da0000000 ---p 00000000 00:00 0 
7f9da0000000-7f9da0021000 rw-p 00000000 00:00 0 
7f9da0021000-7f9da4000000 ---p 00000000 00:00 0 
7f9da4000000-7f9da69fc000 rw-p 00000000 00:00 0 
7f9da69fc000-7f9da8000000 ---p 00000000 00:00 0 
7f9da8000000-7f9da8021000 rw-p 00000000 00:00 0 
7f9da8021000-7f9dac000000 ---p 00000000 00:00 0 
7f9dac000000-7f9dac0b2000 rw-p 00000000 00:00 0 
7f9dac0b2000-7f9db0000000 ---p 00000000 00:00 0 
7f9db0000000-7f9db118d000 rw-p 00000000 00:00 0 
7f9db118d000-7f9db4000000 ---p 00000000 00:00 0 
7f9db4000000-7f9db54b8000 rw-p 00000000 00:00 0 
7f9db54b8000-7f9db8000000 ---p 00000000 00:00 0 
7f9db8000000-7f9db8037000 rw-p 00000000 00:00 0 
7f9db8037000-7f9dbc000000 ---p 00000000 00:00 0 
7f9dbc000000-7f9dbc003000 r--s 00033000 08:01 3934046                    /home/wdd/.ivy2/cache/scala_2.12/sbt_1.0/com.typesafe.play/sbt-plugin/jars/sbt-plugin-2.6.21.jar
7f9dbc003000-7f9dbc005000 r--s 00016000 08:01 3027554                    /usr/lib/jvm/java-8-openjdk-amd64/jre/lib/jce.jar
7f9dbc005000-7f9dbc07e000 r--s 01101000 08:01 3023791                    /usr/lib/jvm/java-8-openjdk-amd64/lib/tools.jar
7f9dbc07e000-7f9dbc081000 ---p 00000000 00:00 0 
7f9dbc081000-7f9dbc0b7000 rw-p 00000000 00:00 0 
7f9dbc0b7000-7f9dbc0ba000 ---p 00000000 00:00 0 
7f9dbc0ba000-7f9dbc0f0000 rw-p 00000000 00:00 0 
7f9dbc0f0000-7f9dbc0f5000 r--s 000a0000 08:01 3027562                    /usr/lib/jvm/java-8-openjdk-amd64/jre/lib/jsse.jar
7f9dbc0f5000-7f9dbc0f8000 ---p 00000000 00:00 0 
7f9dbc0f8000-7f9dbc1f6000 rw-p 00000000 00:00 0 
7f9dbc1f6000-7f9dbc1ff000 r-xp 00000000 08:01 3017760                    /usr/lib/jvm/java-8-openjdk-amd64/jre/lib/amd64/libmanagement.so
7f9dbc1ff000-7f9dbc3fe000 ---p 00009000 08:01 3017760                    /usr/lib/jvm/java-8-openjdk-amd64/jre/lib/amd64/libmanagement.so
7f9dbc3fe000-7f9dbc3ff000 r--p 00008000 08:01 3017760                    /usr/lib/jvm/java-8-openjdk-amd64/jre/lib/amd64/libmanagement.so
7f9dbc3ff000-7f9dbc400000 rw-p 00009000 08:01 3017760                    /usr/lib/jvm/java-8-openjdk-amd64/jre/lib/amd64/libmanagement.so
7f9dbc400000-7f9dbc402000 r--s 00010000 08:01 1053387                    /home/wdd/.sbt/boot/scala-2.12.7/org.scala-sbt/sbt/1.2.8/scripted-sbt-redux_2.12-1.2.8.jar
7f9dbc402000-7f9dbc404000 r--s 00024000 08:01 1053425                    /home/wdd/.sbt/boot/scala-2.12.7/org.scala-sbt/sbt/1.2.8/zinc-apiinfo_2.12-1.2.5.jar
7f9dbc404000-7f9dbc405000 r--s 00000000 08:01 1053452                    /home/wdd/.sbt/boot/scala-2.12.7/org.scala-sbt/sbt/1.2.8/util-interface-1.2.4.jar
7f9dbc405000-7f9dbc428000 r--s 00350000 08:01 1053379                    /home/wdd/.sbt/boot/scala-2.12.7/org.scala-sbt/sbt/1.2.8/scala-reflect-2.12.7.jar
7f9dbc428000-7f9dbc42a000 r--s 00008000 08:01 1053388                    /home/wdd/.sbt/boot/scala-2.12.7/org.scala-sbt/sbt/1.2.8/sjson-new-scalajson_2.12-0.8.2.jar
7f9dbc42a000-7f9dbc42c000 r--s 00011000 08:01 1053429                    /home/wdd/.sbt/boot/scala-2.12.7/org.scala-sbt/sbt/1.2.8/zinc-classpath_2.12-1.2.5.jar
7f9dbc42c000-7f9dbc43b000 r--s 0013d000 08:01 1053363                    /home/wdd/.sbt/boot/scala-2.12.7/org.scala-sbt/sbt/1.2.8/protobuf-java-3.3.1.jar
7f9dbc43b000-7f9dbc43d000 r--s 0000e000 08:01 1053467                    /home/wdd/.sbt/boot/scala-2.12.7/org.scala-sbt/sbt/1.2.8/fastparse-utils_2.12-0.4.2.jar
7f9dbc43d000-7f9dbc43f000 r--s 00002000 08:01 1053384                    /home/wdd/.sbt/boot/scala-2.12.7/org.scala-sbt/sbt/1.2.8/util-control_2.12-1.2.4.jar
7f9dbc43f000-7f9dbc443000 r--s 0003e000 08:01 1053445                    /home/wdd/.sbt/boot/scala-2.12.7/org.scala-sbt/sbt/1.2.8/jline-2.14.6.jar
7f9dbc443000-7f9dbc449000 r--s 0005b000 08:01 1053435                    /home/wdd/.sbt/boot/scala-2.12.7/org.scala-sbt/sbt/1.2.8/okhttp-3.7.0.jar
7f9dbc449000-7f9dbc45f000 r--s 000e0000 08:01 1053389                    /home/wdd/.sbt/boot/scala-2.12.7/org.scala-sbt/sbt/1.2.8/caffeine-2.5.6.jar
7f9dbc45f000-7f9dbc460000 r--s 00001000 08:01 1053380                    /home/wdd/.sbt/boot/scala-2.12.7/org.scala-sbt/sbt/1.2.8/scalacache-caffeine_2.12-0.20.0.jar
7f9dbc460000-7f9dbc462000 r--s 00012000 08:01 1053434                    /home/wdd/.sbt/boot/scala-2.12.7/org.scala-sbt/sbt/1.2.8/core-macros_2.12-1.2.8.jar
7f9dbc462000-7f9dbc46f000 r--s 001a6000 08:01 1053447                    /home/wdd/.sbt/boot/scala-2.12.7/org.scala-sbt/sbt/1.2.8/scalapb-runtime_2.12-0.6.0.jar
7f9dbc46f000-7f9dbc484000 r--s 00103000 08:01 1053431                    /home/wdd/.sbt/boot/scala-2.12.7/org.scala-sbt/sbt/1.2.8/ivy-2.3.0-sbt-cb9cc189e9f3af519f9f102e6c5d446488ff6832.jar
7f9dbc484000-7f9dbc684000 rw-p 00000000 00:00 0 
7f9dbc684000-7f9dbc884000 rw-p 00000000 00:00 0 
7f9dbc884000-7f9dbc887000 r--s 0003d000 08:01 1053382                    /home/wdd/.sbt/boot/scala-2.12.7/org.scala-sbt/sbt/1.2.8/completion_2.12-1.2.8.jar
7f9dbc887000-7f9dbc8a8000 r--s 00168000 08:01 1053375                    /home/wdd/.sbt/boot/scala-2.12.7/org.scala-sbt/sbt/1.2.8/log4j-core-2.11.1.jar
7f9dbc8a8000-7f9dbc8ab000 r--s 00026000 08:01 1053457                    /home/wdd/.sbt/boot/scala-2.12.7/org.scala-sbt/sbt/1.2.8/gigahorse-core_2.12-0.3.0.jar
7f9dbc8ab000-7f9dbc8ad000 r--s 00019000 08:01 1053373                    /home/wdd/.sbt/boot/scala-2.12.7/org.scala-sbt/sbt/1.2.8/sourcecode_2.12-0.1.3.jar
7f9dbc8ad000-7f9dbc8b4000 r--s 00091000 08:01 1053385                    /home/wdd/.sbt/boot/scala-2.12.7/org.scala-sbt/sbt/1.2.8/main-settings_2.12-1.2.8.jar
7f9dbc8b4000-7f9dbc8ba000 r--s 0003b000 08:01 1053451                    /home/wdd/.sbt/boot/scala-2.12.7/org.scala-sbt/sbt/1.2.8/log4j-api-2.11.1.jar
7f9dbc8ba000-7f9dbc8bb000 r--s 00005000 08:01 1053444                    /home/wdd/.sbt/boot/scala-2.12.7/org.scala-sbt/sbt/1.2.8/test-agent-1.2.8.jar
7f9dbc8bb000-7f9dbc8bc000 r--s 00005000 08:01 1053420                    /home/wdd/.sbt/boot/scala-2.12.7/org.scala-sbt/sbt/1.2.8/apple-file-events-1.3.2.jar
7f9dbc8bc000-7f9dbc8bd000 r--s 00003000 08:01 1053448                    /home/wdd/.sbt/boot/scala-2.12.7/org.scala-sbt/sbt/1.2.8/zinc-compile_2.12-1.2.5.jar
7f9dbc8bd000-7f9dbc8bf000 r--s 00009000 08:01 1053462                    /home/wdd/.sbt/boot/scala-2.12.7/org.scala-sbt/sbt/1.2.8/slf4j-api-1.7.25.jar
7f9dbc8bf000-7f9dbc8c4000 r--s 00063000 08:01 1053461                    /home/wdd/.sbt/boot/scala-2.12.7/org.scala-sbt/sbt/1.2.8/protocol_2.12-1.2.8.jar
7f9dbc8c4000-7f9dbc8c5000 r--s 00003000 08:01 1053366                    /home/wdd/.sbt/boot/scala-2.12.7/org.scala-sbt/sbt/1.2.8/util-relation_2.12-1.2.4.jar
7f9dbc8c5000-7f9dbc8c7000 r--s 00019000 08:01 1053418                    /home/wdd/.sbt/boot/scala-2.12.7/org.scala-sbt/sbt/1.2.8/task-system_2.12-1.2.8.jar
7f9dbc8c7000-7f9dbc8c9000 r--s 0000b000 08:01 1053376                    /home/wdd/.sbt/boot/scala-2.12.7/org.scala-sbt/sbt/1.2.8/logic_2.12-1.2.8.jar
7f9dbc8c9000-7f9dbc8cb000 r--s 0000f000 08:01 1053460                    /home/wdd/.sbt/boot/scala-2.12.7/org.scala-sbt/sbt/1.2.8/shaded-scalajson_2.12-1.0.0-M4.jar
7f9dbc8cb000-7f9dbc8ce000 r--s 00012000 08:01 1053454                    /home/wdd/.sbt/boot/scala-2.12.7/org.scala-sbt/sbt/1.2.8/disruptor-3.4.2.jar
7f9dbc8ce000-7f9dbc8d0000 r--s 00007000 08:01 1053441                    /home/wdd/.sbt/boot/scala-2.12.7/org.scala-sbt/sbt/1.2.8/util-tracking_2.12-1.2.4.jar
7f9dbc8d0000-7f9dbc8d1000 r--s 0000b000 08:01 1053438                    /home/wdd/.sbt/boot/scala-2.12.7/org.scala-sbt/sbt/1.2.8/zinc-ivy-integration_2.12-1.2.5.jar
7f9dbc8d1000-7f9dbc8d2000 r--s 00011000 08:01 1053370                    /home/wdd/.sbt/boot/scala-2.12.7/org.scala-sbt/sbt/1.2.8/run_2.12-1.2.8.jar
7f9dbc8d2000-7f9dbc8d3000 r--s 00006000 08:01 1053428                    /home/wdd/.sbt/boot/scala-2.12.7/org.scala-sbt/sbt/1.2.8/util-position_2.12-1.2.4.jar
7f9dbc8d3000-7f9dbc8d7000 r--s 0004c000 08:01 1053374                    /home/wdd/.sbt/boot/scala-2.12.7/org.scala-sbt/sbt/1.2.8/collections_2.12-1.2.8.jar
7f9dbc8d7000-7f9dbc8da000 r--s 0001c000 08:01 1053440                    /home/wdd/.sbt/boot/scala-2.12.7/org.scala-sbt/sbt/1.2.8/scalacache-core_2.12-0.20.0.jar
7f9dbc8da000-7f9dbc8dd000 r--s 0002e000 08:01 1053423                    /home/wdd/.sbt/boot/scala-2.12.7/org.scala-sbt/sbt/1.2.8/testing_2.12-1.2.8.jar
7f9dbc8dd000-7f9dbc8e1000 r--s 00047000 08:01 1053464                    /home/wdd/.sbt/boot/scala-2.12.7/org.scala-sbt/sbt/1.2.8/fastparse_2.12-0.4.2.jar
7f9dbc8e1000-7f9dbc8e3000 r--s 00004000 08:01 1053450                    /home/wdd/.sbt/boot/scala-2.12.7/org.scala-sbt/sbt/1.2.8/ipcsocket-1.0.0.jar
7f9dbc8e3000-7f9dbc8e4000 r--s 0000f000 08:01 1053421                    /home/wdd/.sbt/boot/scala-2.12.7/org.scala-sbt/sbt/1.2.8/sbt-1.2.8.jar
7f9dbc8e4000-7f9dbc8e6000 r--s 00012000 08:01 1053466                    /home/wdd/.sbt/boot/scala-2.12.7/org.scala-sbt/sbt/1.2.8/okio-1.12.0.jar
7f9dbc8e6000-7f9dbc8ea000 r--s 00013000 08:01 1053383                    /home/wdd/.sbt/boot/scala-2.12.7/org.scala-sbt/sbt/1.2.8/compiler-interface-1.2.5.jar
7f9dbc8ea000-7f9dbc8ec000 r--s 00002000 08:01 1053456                    /home/wdd/.sbt/boot/scala-2.12.7/org.scala-sbt/sbt/1.2.8/test-interface-1.0.jar
7f9dbc8ec000-7f9dbc8f0000 r--s 00038000 08:01 1053368                    /home/wdd/.sbt/boot/scala-2.12.7/org.scala-sbt/sbt/1.2.8/ssl-config-core_2.12-0.2.2.jar
7f9dbc8f0000-7f9dbcaf0000 rw-p 00000000 00:00 0 
7f9dbcaf0000-7f9dbcafb000 r--s 001c3000 08:01 1053386                    /home/wdd/.sbt/boot/scala-2.12.7/org.scala-sbt/sbt/1.2.8/main_2.12-1.2.8.jar
7f9dbcafb000-7f9dbcaff000 r--s 00052000 08:01 1053442                    /home/wdd/.sbt/boot/scala-2.12.7/org.scala-sbt/sbt/1.2.8/zinc-core_2.12-1.2.5.jar
7f9dbcaff000-7f9dbcb04000 r--s 00095000 08:01 1053378                    /home/wdd/.sbt/boot/scala-2.12.7/org.scala-sbt/sbt/1.2.8/librarymanagement-ivy_2.12-1.2.4.jar
7f9dbcb04000-7f9dbcb0e000 r--s 000b6000 08:01 1053463                    /home/wdd/.sbt/boot/scala-2.12.7/org.scala-sbt/sbt/1.2.8/librarymanagement-core_2.12-1.2.4.jar
7f9dbcb0e000-7f9dbcb12000 r--s 00049000 08:01 1053381                    /home/wdd/.sbt/boot/scala-2.12.7/org.scala-sbt/sbt/1.2.8/io_2.12-1.2.2.jar
7f9dbcb12000-7f9dbcb13000 r--s 00001000 08:01 1053426                    /home/wdd/.sbt/boot/scala-2.12.7/org.scala-sbt/sbt/1.2.8/sjson-new-murmurhash_2.12-0.8.2.jar
7f9dbcb13000-7f9dbcb15000 r--s 0000f000 08:01 1053377                    /home/wdd/.sbt/boot/scala-2.12.7/org.scala-sbt/sbt/1.2.8/util-scripted_2.12-1.2.4.jar
7f9dbcb15000-7f9dbcb17000 r--s 00031000 08:01 1053459                    /home/wdd/.sbt/boot/scala-2.12.7/org.scala-sbt/sbt/1.2.8/actions_2.12-1.2.8.jar
7f9dbcb17000-7f9dbcb1a000 r--s 00044000 08:01 1053424                    /home/wdd/.sbt/boot/scala-2.12.7/org.scala-sbt/sbt/1.2.8/command_2.12-1.2.8.jar
7f9dbcb1a000-7f9dbcb1b000 r--s 00000000 08:01 1053427                    /home/wdd/.sbt/boot/scala-2.12.7/org.scala-sbt/sbt/1.2.8/template-resolver-0.1.jar
7f9dbcb1b000-7f9dbcb1c000 r--s 00000000 08:01 1053436                    /home/wdd/.sbt/boot/scala-2.12.7/org.scala-sbt/sbt/1.2.8/reactive-streams-1.0.0.jar
7f9dbcb1c000-7f9dbcb1f000 r--s 0003a000 08:01 1053372                    /home/wdd/.sbt/boot/scala-2.12.7/org.scala-sbt/sbt/1.2.8/util-logging_2.12-1.2.4.jar
7f9dbcb1f000-7f9dbcb21000 r--s 00007000 08:01 1053453                    /home/wdd/.sbt/boot/scala-2.12.7/org.scala-sbt/sbt/1.2.8/lenses_2.12-0.4.12.jar
7f9dbcb21000-7f9dbcb22000 r--s 00000000 08:01 1053455                    /home/wdd/.sbt/boot/scala-2.12.7/org.scala-sbt/sbt/1.2.8/scripted-plugin_2.12-1.2.8.jar
7f9dbcb22000-7f9dbcb23000 r--s 0000c000 08:01 1053367                    /home/wdd/.sbt/boot/scala-2.12.7/org.scala-sbt/sbt/1.2.8/zinc-classfile_2.12-1.2.5.jar
7f9dbcb23000-7f9dbcb25000 r--s 0002f000 08:01 1053417                    /home/wdd/.sbt/boot/scala-2.12.7/org.scala-sbt/sbt/1.2.8/util-cache_2.12-1.2.4.jar
7f9dbcb25000-7f9dbcb26000 r--s 00002000 08:01 1053369                    /home/wdd/.sbt/boot/scala-2.12.7/org.scala-sbt/sbt/1.2.8/launcher-interface-1.0.4.jar
7f9dbcb26000-7f9dbcb2c000 r--s 00080000 08:01 1053365                    /home/wdd/.sbt/boot/scala-2.12.7/org.scala-sbt/sbt/1.2.8/scala-xml_2.12-1.0.6.jar
7f9dbcb2c000-7f9dbcb2d000 r--s 00009000 08:01 1053364                    /home/wdd/.sbt/boot/scala-2.12.7/org.scala-sbt/sbt/1.2.8/gigahorse-okhttp_2.12-0.3.0.jar
7f9dbcb2d000-7f9dbcb30000 r--s 00031000 08:01 1053362                    /home/wdd/.sbt/boot/scala-2.12.7/org.scala-sbt/sbt/1.2.8/compiler-bridge_2.12-1.2.5.jar
7f9dbcb30000-7f9dbcb34000 r--s 00030000 08:01 1053433                    /home/wdd/.sbt/boot/scala-2.12.7/org.scala-sbt/sbt/1.2.8/scala-parser-combinators_2.12-1.0.5.jar
7f9dbcb34000-7f9dbcb35000 r--s 00005000 08:01 1053422                    /home/wdd/.sbt/boot/scala-2.12.7/org.scala-sbt/sbt/1.2.8/log4j-slf4j-impl-2.11.1.jar
7f9dbcb35000-7f9dbcb38000 r--s 0002a000 08:01 1053443                    /home/wdd/.sbt/boot/scala-2.12.7/org.scala-sbt/sbt/1.2.8/sbinary_2.12-0.5.0.jar
7f9dbcb38000-7f9dbcb3a000 r--s 00012000 08:01 1053432                    /home/wdd/.sbt/boot/scala-2.12.7/org.scala-sbt/sbt/1.2.8/tasks_2.12-1.2.8.jar
7f9dbcb3a000-7f9dbcb3f000 r--s 00040000 08:01 1053430                    /home/wdd/.sbt/boot/scala-2.12.7/org.scala-sbt/sbt/1.2.8/jsch-0.1.54.jar
7f9dbcb3f000-7f9dbcb42000 r--s 00034000 08:01 1053437                    /home/wdd/.sbt/boot/scala-2.12.7/org.scala-sbt/sbt/1.2.8/zinc-compile-core_2.12-1.2.5.jar
7f9dbcb42000-7f9dbcb44000 r--s 0000e000 08:01 1053419                    /home/wdd/.sbt/boot/scala-2.12.7/org.scala-sbt/sbt/1.2.8/zinc_2.12-1.2.5.jar
7f9dbcb44000-7f9dbcb4a000 r--s 000bb000 08:01 1053465                    /home/wdd/.sbt/boot/scala-2.12.7/org.scala-sbt/sbt/1.2.8/sjson-new-core_2.12-0.8.2.jar
7f9dbcb4a000-7f9dbcb4f000 r--s 00031000 08:01 1053458                    /home/wdd/.sbt/boot/scala-2.12.7/org.scala-sbt/sbt/1.2.8/config-1.2.0.jar
7f9dbcb4f000-7f9dbcb51000 r--s 00011000 08:01 1053416                    /home/wdd/.sbt/boot/scala-2.12.7/org.scala-sbt/sbt/1.2.8/jawn-parser_2.12-0.10.4.jar
7f9dbcb51000-7f9dbcb5e000 r--s 001b1000 08:01 1053439                    /home/wdd/.sbt/boot/scala-2.12.7/org.scala-sbt/sbt/1.2.8/zinc-persist_2.12-1.2.5.jar
7f9dbcb5e000-7f9dbcb78000 r--s 0021e000 08:01 1053371                    /home/wdd/.sbt/boot/scala-2.12.7/org.scala-sbt/sbt/1.2.8/jna-platform-4.5.0.jar
7f9dbcb78000-7f9dbcbc7000 r--s 009b0000 08:01 1182781                    /home/wdd/.sbt/boot/scala-2.12.7/lib/scala-compiler.jar
7f9dbcbc7000-7f9dbcbea000 r--s 00350000 08:01 1182780                    /home/wdd/.sbt/boot/scala-2.12.7/lib/scala-reflect.jar
7f9dbcbea000-7f9dbcbfb000 r-xp 00000000 08:01 3017763                    /usr/lib/jvm/java-8-openjdk-amd64/jre/lib/amd64/libnio.so
7f9dbcbfb000-7f9dbcdfb000 ---p 00011000 08:01 3017763                    /usr/lib/jvm/java-8-openjdk-amd64/jre/lib/amd64/libnio.so
7f9dbcdfb000-7f9dbcdfc000 r--p 00011000 08:01 3017763                    /usr/lib/jvm/java-8-openjdk-amd64/jre/lib/amd64/libnio.so
7f9dbcdfc000-7f9dbcdfd000 rw-p 00012000 08:01 3017763                    /usr/lib/jvm/java-8-openjdk-amd64/jre/lib/amd64/libnio.so
7f9dbcdfd000-7f9dbce14000 r-xp 00000000 08:01 3017762                    /usr/lib/jvm/java-8-openjdk-amd64/jre/lib/amd64/libnet.so
7f9dbce14000-7f9dbd013000 ---p 00017000 08:01 3017762                    /usr/lib/jvm/java-8-openjdk-amd64/jre/lib/amd64/libnet.so
7f9dbd013000-7f9dbd014000 r--p 00016000 08:01 3017762                    /usr/lib/jvm/java-8-openjdk-amd64/jre/lib/amd64/libnet.so
7f9dbd014000-7f9dbd015000 rw-p 00017000 08:01 3017762                    /usr/lib/jvm/java-8-openjdk-amd64/jre/lib/amd64/libnet.so
7f9dbd015000-7f9dbd016000 ---p 00000000 00:00 0 
7f9dbd016000-7f9dbd116000 rw-p 00000000 00:00 0 
7f9dbd116000-7f9dbd119000 ---p 00000000 00:00 0 
7f9dbd119000-7f9dbd217000 rw-p 00000000 00:00 0 
7f9dbd217000-7f9dbd218000 ---p 00000000 00:00 0 
7f9dbd218000-7f9dbd21b000 ---p 00000000 00:00 0 
7f9dbd21b000-7f9dbd318000 rw-p 00000000 00:00 0 
7f9dbd318000-7f9dbd319000 ---p 00000000 00:00 0 
7f9dbd319000-7f9dbd31c000 ---p 00000000 00:00 0 
7f9dbd31c000-7f9dbd419000 rw-p 00000000 00:00 0 
7f9dbd419000-7f9dbd41c000 ---p 00000000 00:00 0 
7f9dbd41c000-7f9dbd51a000 rw-p 00000000 00:00 0 
7f9dbd51a000-7f9dbd7f8000 r--p 00000000 08:01 3016583                    /usr/lib/locale/locale-archive
7f9dbd7f8000-7f9dbd7fb000 ---p 00000000 00:00 0 
7f9dbd7fb000-7f9dbd8f9000 rw-p 00000000 00:00 0 
7f9dbd8f9000-7f9dbd8fc000 ---p 00000000 00:00 0 
7f9dbd8fc000-7f9dbd9fa000 rw-p 00000000 00:00 0 
7f9dbd9fa000-7f9dbd9fb000 ---p 00000000 00:00 0 
7f9dbd9fb000-7f9dc0000000 rw-p 00000000 00:00 0 
7f9dc0000000-7f9dc2e50000 rwxp 00000000 00:00 0 
7f9dc2e50000-7f9dc8000000 ---p 00000000 00:00 0 
7f9dc8000000-7f9dcb399000 rw-p 00000000 00:00 0 
7f9dcb399000-7f9dcc000000 ---p 00000000 00:00 0 
7f9dcc000000-7f9dcc001000 r--s 00007000 08:01 1053449                    /home/wdd/.sbt/boot/scala-2.12.7/org.scala-sbt/sbt/1.2.8/okhttp-urlconnection-3.7.0.jar
7f9dcc001000-7f9dcc005000 r--s 0015c000 08:01 1053446                    /home/wdd/.sbt/boot/scala-2.12.7/org.scala-sbt/sbt/1.2.8/jna-4.5.0.jar
7f9dcc005000-7f9dcc009000 r--s 0003e000 08:01 1182783                    /home/wdd/.sbt/boot/scala-2.12.7/lib/jline.jar
7f9dcc009000-7f9dcc00f000 r--s 00080000 08:01 1182779                    /home/wdd/.sbt/boot/scala-2.12.7/lib/scala-xml_2.12.jar
7f9dcc00f000-7f9dcc046000 r--s 004d2000 08:01 1182782                    /home/wdd/.sbt/boot/scala-2.12.7/lib/scala-library.jar
7f9dcc046000-7f9dcc063000 r--s 0011a000 08:01 3014906                    /usr/share/sbt/bin/sbt-launch.jar
7f9dcc063000-7f9dcc07e000 r--s 001d6000 08:01 3020455                    /usr/lib/jvm/java-8-openjdk-amd64/jre/lib/ext/nashorn.jar
7f9dcc07e000-7f9dcc080000 r--s 00008000 08:01 3020456                    /usr/lib/jvm/java-8-openjdk-amd64/jre/lib/ext/sunec.jar
7f9dcc080000-7f9dcc082000 r--s 00001000 08:01 3019214                    /usr/lib/jvm/java-8-openjdk-amd64/jre/lib/ext/dnsns.jar
7f9dcc082000-7f9dcc09d000 r--s 00394000 08:01 3018490                    /usr/lib/jvm/java-8-openjdk-amd64/jre/lib/ext/cldrdata.jar
7f9dcc09d000-7f9dcc09e000 r--s 00010000 08:01 3020459                    /usr/lib/jvm/java-8-openjdk-amd64/jre/lib/ext/zipfs.jar
7f9dcc09e000-7f9dcc0a1000 r--s 00038000 08:01 3020458                    /usr/lib/jvm/java-8-openjdk-amd64/jre/lib/ext/sunpkcs11.jar
7f9dcc0a1000-7f9dcc0ab000 r--s 00116000 08:01 3020454                    /usr/lib/jvm/java-8-openjdk-amd64/jre/lib/ext/localedata.jar
7f9dcc0ab000-7f9dcc4fd000 rw-p 00000000 00:00 0 
7f9dcc4fd000-7f9dcc6cc000 r--s 03c33000 08:01 3027578                    /usr/lib/jvm/java-8-openjdk-amd64/jre/lib/rt.jar
7f9dcc6cc000-7f9dcd0cc000 rw-p 00000000 00:00 0 
7f9dcd0cc000-7f9dcd0cd000 ---p 00000000 00:00 0 
7f9dcd0cd000-7f9dcd1cd000 rw-p 00000000 00:00 0 
7f9dcd1cd000-7f9dcd1ce000 ---p 00000000 00:00 0 
7f9dcd1ce000-7f9dcd6df000 rw-p 00000000 00:00 0 
7f9dcd6df000-7f9dcd825000 ---p 00000000 00:00 0 
7f9dcd825000-7f9dcd82d000 r-xp 00000000 08:01 3017770                    /usr/lib/jvm/java-8-openjdk-amd64/jre/lib/amd64/libzip.so
7f9dcd82d000-7f9dcda2c000 ---p 00008000 08:01 3017770                    /usr/lib/jvm/java-8-openjdk-amd64/jre/lib/amd64/libzip.so
7f9dcda2c000-7f9dcda2d000 r--p 00007000 08:01 3017770                    /usr/lib/jvm/java-8-openjdk-amd64/jre/lib/amd64/libzip.so
7f9dcda2d000-7f9dcda2e000 rw-p 00008000 08:01 3017770                    /usr/lib/jvm/java-8-openjdk-amd64/jre/lib/amd64/libzip.so
7f9dcda2e000-7f9dcda39000 r-xp 00000000 08:01 2621502                    /lib/x86_64-linux-gnu/libnss_files-2.27.so
7f9dcda39000-7f9dcdc38000 ---p 0000b000 08:01 2621502                    /lib/x86_64-linux-gnu/libnss_files-2.27.so
7f9dcdc38000-7f9dcdc39000 r--p 0000a000 08:01 2621502                    /lib/x86_64-linux-gnu/libnss_files-2.27.so
7f9dcdc39000-7f9dcdc3a000 rw-p 0000b000 08:01 2621502                    /lib/x86_64-linux-gnu/libnss_files-2.27.so
7f9dcdc3a000-7f9dcdc40000 rw-p 00000000 00:00 0 
7f9dcdc40000-7f9dcdc57000 r-xp 00000000 08:01 2621499                    /lib/x86_64-linux-gnu/libnsl-2.27.so
7f9dcdc57000-7f9dcde56000 ---p 00017000 08:01 2621499                    /lib/x86_64-linux-gnu/libnsl-2.27.so
7f9dcde56000-7f9dcde57000 r--p 00016000 08:01 2621499                    /lib/x86_64-linux-gnu/libnsl-2.27.so
7f9dcde57000-7f9dcde58000 rw-p 00017000 08:01 2621499                    /lib/x86_64-linux-gnu/libnsl-2.27.so
7f9dcde58000-7f9dcde5a000 rw-p 00000000 00:00 0 
7f9dcde5a000-7f9dcde65000 r-xp 00000000 08:01 2621504                    /lib/x86_64-linux-gnu/libnss_nis-2.27.so
7f9dcde65000-7f9dce064000 ---p 0000b000 08:01 2621504                    /lib/x86_64-linux-gnu/libnss_nis-2.27.so
7f9dce064000-7f9dce065000 r--p 0000a000 08:01 2621504                    /lib/x86_64-linux-gnu/libnss_nis-2.27.so
7f9dce065000-7f9dce066000 rw-p 0000b000 08:01 2621504                    /lib/x86_64-linux-gnu/libnss_nis-2.27.so
7f9dce066000-7f9dce06e000 r-xp 00000000 08:01 2621500                    /lib/x86_64-linux-gnu/libnss_compat-2.27.so
7f9dce06e000-7f9dce26e000 ---p 00008000 08:01 2621500                    /lib/x86_64-linux-gnu/libnss_compat-2.27.so
7f9dce26e000-7f9dce26f000 r--p 00008000 08:01 2621500                    /lib/x86_64-linux-gnu/libnss_compat-2.27.so
7f9dce26f000-7f9dce270000 rw-p 00009000 08:01 2621500                    /lib/x86_64-linux-gnu/libnss_compat-2.27.so
7f9dce270000-7f9dce29e000 r-xp 00000000 08:01 3017751                    /usr/lib/jvm/java-8-openjdk-amd64/jre/lib/amd64/libjava.so
7f9dce29e000-7f9dce49d000 ---p 0002e000 08:01 3017751                    /usr/lib/jvm/java-8-openjdk-amd64/jre/lib/amd64/libjava.so
7f9dce49d000-7f9dce49e000 r--p 0002d000 08:01 3017751                    /usr/lib/jvm/java-8-openjdk-amd64/jre/lib/amd64/libjava.so
7f9dce49e000-7f9dce4a0000 rw-p 0002e000 08:01 3017751                    /usr/lib/jvm/java-8-openjdk-amd64/jre/lib/amd64/libjava.so
7f9dce4a0000-7f9dce4b0000 r-xp 00000000 08:01 3017769                    /usr/lib/jvm/java-8-openjdk-amd64/jre/lib/amd64/libverify.so
7f9dce4b0000-7f9dce6af000 ---p 00010000 08:01 3017769                    /usr/lib/jvm/java-8-openjdk-amd64/jre/lib/amd64/libverify.so
7f9dce6af000-7f9dce6b1000 r--p 0000f000 08:01 3017769                    /usr/lib/jvm/java-8-openjdk-amd64/jre/lib/amd64/libverify.so
7f9dce6b1000-7f9dce6b2000 rw-p 00011000 08:01 3017769                    /usr/lib/jvm/java-8-openjdk-amd64/jre/lib/amd64/libverify.so
7f9dce6b2000-7f9dce6b9000 r-xp 00000000 08:01 2621510                    /lib/x86_64-linux-gnu/librt-2.27.so
7f9dce6b9000-7f9dce8b8000 ---p 00007000 08:01 2621510                    /lib/x86_64-linux-gnu/librt-2.27.so
7f9dce8b8000-7f9dce8b9000 r--p 00006000 08:01 2621510                    /lib/x86_64-linux-gnu/librt-2.27.so
7f9dce8b9000-7f9dce8ba000 rw-p 00007000 08:01 2621510                    /lib/x86_64-linux-gnu/librt-2.27.so
7f9dce8ba000-7f9dce8d1000 r-xp 00000000 08:01 2621690                    /lib/x86_64-linux-gnu/libgcc_s.so.1
7f9dce8d1000-7f9dcead0000 ---p 00017000 08:01 2621690                    /lib/x86_64-linux-gnu/libgcc_s.so.1
7f9dcead0000-7f9dcead1000 r--p 00016000 08:01 2621690                    /lib/x86_64-linux-gnu/libgcc_s.so.1
7f9dcead1000-7f9dcead2000 rw-p 00017000 08:01 2621690                    /lib/x86_64-linux-gnu/libgcc_s.so.1
7f9dcead2000-7f9dcec6f000 r-xp 00000000 08:01 2621496                    /lib/x86_64-linux-gnu/libm-2.27.so
7f9dcec6f000-7f9dcee6e000 ---p 0019d000 08:01 2621496                    /lib/x86_64-linux-gnu/libm-2.27.so
7f9dcee6e000-7f9dcee6f000 r--p 0019c000 08:01 2621496                    /lib/x86_64-linux-gnu/libm-2.27.so
7f9dcee6f000-7f9dcee70000 rw-p 0019d000 08:01 2621496                    /lib/x86_64-linux-gnu/libm-2.27.so
7f9dcee70000-7f9dcefee000 r-xp 00000000 08:01 3015400                    /usr/lib/x86_64-linux-gnu/libstdc++.so.6.0.25
7f9dcefee000-7f9dcf1ee000 ---p 0017e000 08:01 3015400                    /usr/lib/x86_64-linux-gnu/libstdc++.so.6.0.25
7f9dcf1ee000-7f9dcf1f8000 r--p 0017e000 08:01 3015400                    /usr/lib/x86_64-linux-gnu/libstdc++.so.6.0.25
7f9dcf1f8000-7f9dcf1fa000 rw-p 00188000 08:01 3015400                    /usr/lib/x86_64-linux-gnu/libstdc++.so.6.0.25
7f9dcf1fa000-7f9dcf1fe000 rw-p 00000000 00:00 0 
7f9dcf1fe000-7f9dcfe98000 r-xp 00000000 08:01 3018089                    /usr/lib/jvm/java-8-openjdk-amd64/jre/lib/amd64/server/libjvm.so
7f9dcfe98000-7f9dd0097000 ---p 00c9a000 08:01 3018089                    /usr/lib/jvm/java-8-openjdk-amd64/jre/lib/amd64/server/libjvm.so
7f9dd0097000-7f9dd012b000 r--p 00c99000 08:01 3018089                    /usr/lib/jvm/java-8-openjdk-amd64/jre/lib/amd64/server/libjvm.so
7f9dd012b000-7f9dd0154000 rw-p 00d2d000 08:01 3018089                    /usr/lib/jvm/java-8-openjdk-amd64/jre/lib/amd64/server/libjvm.so
7f9dd0154000-7f9dd0184000 rw-p 00000000 00:00 0 
7f9dd0184000-7f9dd019e000 r-xp 00000000 08:01 2621508                    /lib/x86_64-linux-gnu/libpthread-2.27.so
7f9dd019e000-7f9dd039d000 ---p 0001a000 08:01 2621508                    /lib/x86_64-linux-gnu/libpthread-2.27.so
7f9dd039d000-7f9dd039e000 r--p 00019000 08:01 2621508                    /lib/x86_64-linux-gnu/libpthread-2.27.so
7f9dd039e000-7f9dd039f000 rw-p 0001a000 08:01 2621508                    /lib/x86_64-linux-gnu/libpthread-2.27.so
7f9dd039f000-7f9dd03a3000 rw-p 00000000 00:00 0 
7f9dd03a3000-7f9dd03a6000 r-xp 00000000 08:01 2621495                    /lib/x86_64-linux-gnu/libdl-2.27.so
7f9dd03a6000-7f9dd05a5000 ---p 00003000 08:01 2621495                    /lib/x86_64-linux-gnu/libdl-2.27.so
7f9dd05a5000-7f9dd05a6000 r--p 00002000 08:01 2621495                    /lib/x86_64-linux-gnu/libdl-2.27.so
7f9dd05a6000-7f9dd05a7000 rw-p 00003000 08:01 2621495                    /lib/x86_64-linux-gnu/libdl-2.27.so
7f9dd05a7000-7f9dd05c3000 r-xp 00000000 08:01 2628928                    /lib/x86_64-linux-gnu/libz.so.1.2.11
7f9dd05c3000-7f9dd07c2000 ---p 0001c000 08:01 2628928                    /lib/x86_64-linux-gnu/libz.so.1.2.11
7f9dd07c2000-7f9dd07c3000 r--p 0001b000 08:01 2628928                    /lib/x86_64-linux-gnu/libz.so.1.2.11
7f9dd07c3000-7f9dd07c4000 rw-p 0001c000 08:01 2628928                    /lib/x86_64-linux-gnu/libz.so.1.2.11
7f9dd07c4000-7f9dd09ab000 r-xp 00000000 08:01 2621488                    /lib/x86_64-linux-gnu/libc-2.27.so
7f9dd09ab000-7f9dd0bab000 ---p 001e7000 08:01 2621488                    /lib/x86_64-linux-gnu/libc-2.27.so
7f9dd0bab000-7f9dd0baf000 r--p 001e7000 08:01 2621488                    /lib/x86_64-linux-gnu/libc-2.27.so
7f9dd0baf000-7f9dd0bb1000 rw-p 001eb000 08:01 2621488                    /lib/x86_64-linux-gnu/libc-2.27.so
7f9dd0bb1000-7f9dd0bb5000 rw-p 00000000 00:00 0 
7f9dd0bb5000-7f9dd0bc3000 r-xp 00000000 08:01 3017736                    /usr/lib/jvm/java-8-openjdk-amd64/jre/lib/amd64/jli/libjli.so
7f9dd0bc3000-7f9dd0dc2000 ---p 0000e000 08:01 3017736                    /usr/lib/jvm/java-8-openjdk-amd64/jre/lib/amd64/jli/libjli.so
7f9dd0dc2000-7f9dd0dc3000 r--p 0000d000 08:01 3017736                    /usr/lib/jvm/java-8-openjdk-amd64/jre/lib/amd64/jli/libjli.so
7f9dd0dc3000-7f9dd0dc4000 rw-p 0000e000 08:01 3017736                    /usr/lib/jvm/java-8-openjdk-amd64/jre/lib/amd64/jli/libjli.so
7f9dd0dc4000-7f9dd0deb000 r-xp 00000000 08:01 2621464                    /lib/x86_64-linux-gnu/ld-2.27.so
7f9dd0deb000-7f9dd0ed0000 rw-p 00000000 00:00 0 
7f9dd0ed0000-7f9dd0ed1000 ---p 00000000 00:00 0 
7f9dd0ed1000-7f9dd0ed4000 ---p 00000000 00:00 0 
7f9dd0ed4000-7f9dd0fd3000 rw-p 00000000 00:00 0 
7f9dd0fd3000-7f9dd0fd5000 r--s 00007000 08:01 3414549                    /usr/share/java/java-atk-wrapper.jar
7f9dd0fd5000-7f9dd0fd6000 r--s 0000a000 08:01 3020453                    /usr/lib/jvm/java-8-openjdk-amd64/jre/lib/ext/jaccess.jar
7f9dd0fd6000-7f9dd0fd9000 r--s 0000f000 08:01 3020452                    /usr/lib/jvm/java-8-openjdk-amd64/jre/lib/ext/icedtea-sound.jar
7f9dd0fd9000-7f9dd0fdf000 r--s 0003b000 08:01 3020457                    /usr/lib/jvm/java-8-openjdk-amd64/jre/lib/ext/sunjce_provider.jar
7f9dd0fdf000-7f9dd0fe7000 rw-s 00000000 08:01 2490377                    /tmp/hsperfdata_wdd/32293
7f9dd0fe7000-7f9dd0fe8000 rw-p 00000000 00:00 0 
7f9dd0fe8000-7f9dd0fe9000 ---p 00000000 00:00 0 
7f9dd0fe9000-7f9dd0feb000 rw-p 00000000 00:00 0 
7f9dd0feb000-7f9dd0fec000 r--p 00027000 08:01 2621464                    /lib/x86_64-linux-gnu/ld-2.27.so
7f9dd0fec000-7f9dd0fed000 rw-p 00028000 08:01 2621464                    /lib/x86_64-linux-gnu/ld-2.27.so
7f9dd0fed000-7f9dd0fee000 rw-p 00000000 00:00 0 
7ffe1e903000-7ffe1e924000 rw-p 00000000 00:00 0                          [stack]
7ffe1e987000-7ffe1e98a000 r--p 00000000 00:00 0                          [vvar]
7ffe1e98a000-7ffe1e98c000 r-xp 00000000 00:00 0                          [vdso]
ffffffffff600000-ffffffffff601000 r-xp 00000000 00:00 0                  [vsyscall]

VM Arguments:
jvm_args: -Xms1024m -Xmx1024m -XX:ReservedCodeCacheSize=128m -XX:MaxMetaspaceSize=256m -Dhttp.proxyHost=127.0.0.1 -Dhttp.proxyPort=3128 -Dhttps.proxyHost=127.0.0.1 -Dhttps.proxyPort=3128 
java_command: /usr/share/sbt/bin/sbt-launch.jar
java_class_path (initial): /usr/share/sbt/bin/sbt-launch.jar
Launcher Type: SUN_STANDARD

Environment Variables:
PATH=/usr/local/sbin:/usr/local/bin:/usr/sbin:/usr/bin:/sbin:/bin:/usr/games:/usr/local/games:/snap/bin
SHELL=/bin/bash
DISPLAY=:0.0

Signal Handlers:
SIGSEGV: [libjvm.so+0xab2ea0], sa_mask[0]=11111111011111111101111111111110, sa_flags=SA_RESTART|SA_SIGINFO
SIGBUS: [libjvm.so+0xab2ea0], sa_mask[0]=11111111011111111101111111111110, sa_flags=SA_RESTART|SA_SIGINFO
SIGFPE: [libjvm.so+0x8e87b0], sa_mask[0]=11111111011111111101111111111110, sa_flags=SA_RESTART|SA_SIGINFO
SIGPIPE: [libjvm.so+0x8e87b0], sa_mask[0]=11111111011111111101111111111110, sa_flags=SA_RESTART|SA_SIGINFO
SIGXFSZ: [libjvm.so+0x8e87b0], sa_mask[0]=11111111011111111101111111111110, sa_flags=SA_RESTART|SA_SIGINFO
SIGILL: [libjvm.so+0x8e87b0], sa_mask[0]=11111111011111111101111111111110, sa_flags=SA_RESTART|SA_SIGINFO
SIGUSR1: SIG_DFL, sa_mask[0]=00000000000000000000000000000000, sa_flags=none
SIGUSR2: [libjvm.so+0x8e8660], sa_mask[0]=00000000000000000000000000000000, sa_flags=SA_RESTART|SA_SIGINFO
SIGHUP: [libjvm.so+0x8e8cd0], sa_mask[0]=11111111011111111101111111111110, sa_flags=SA_RESTART|SA_SIGINFO
SIGINT: [libjvm.so+0x8e8cd0], sa_mask[0]=11111111011111111101111111111110, sa_flags=SA_RESTART|SA_SIGINFO
SIGTERM: [libjvm.so+0x8e8cd0], sa_mask[0]=11111111011111111101111111111110, sa_flags=SA_RESTART|SA_SIGINFO
SIGQUIT: [libjvm.so+0x8e8cd0], sa_mask[0]=11111111011111111101111111111110, sa_flags=SA_RESTART|SA_SIGINFO


---------------  S Y S T E M  ---------------

OS:DISTRIB_ID=Ubuntu
DISTRIB_RELEASE=18.04
DISTRIB_CODENAME=bionic
DISTRIB_DESCRIPTION="Ubuntu 18.04.1 LTS"

uname:Linux 4.15.0-46-generic #49-Ubuntu SMP Wed Feb 6 09:33:07 UTC 2019 x86_64
libc:glibc 2.27 NPTL 2.27 
rlimit: STACK 8192k, CORE 0k, NPROC 15541, NOFILE 1048576, AS infinity
load average:10.37 5.36 3.00

/proc/meminfo:
MemTotal:        4039536 kB
MemFree:           85440 kB
MemAvailable:          0 kB
Buffers:             200 kB
Cached:           112912 kB
SwapCached:         1312 kB
Active:          3157192 kB
Inactive:         635720 kB
Active(anon):    3154368 kB
Inactive(anon):   630896 kB
Active(file):       2824 kB
Inactive(file):     4824 kB
Unevictable:          40 kB
Mlocked:              40 kB
SwapTotal:       2097208 kB
SwapFree:              0 kB
Dirty:                44 kB
Writeback:            68 kB
AnonPages:       3678932 kB
Mapped:            89472 kB
Shmem:            105200 kB
Slab:              62232 kB
SReclaimable:      27860 kB
SUnreclaim:        34372 kB
KernelStack:       12608 kB
PageTables:        55224 kB
NFS_Unstable:          0 kB
Bounce:                0 kB
WritebackTmp:          0 kB
CommitLimit:     4116976 kB
Committed_AS:   12849144 kB
VmallocTotal:   34359738367 kB
VmallocUsed:           0 kB
VmallocChunk:          0 kB
HardwareCorrupted:     0 kB
AnonHugePages:         0 kB
ShmemHugePages:        0 kB
ShmemPmdMapped:        0 kB
CmaTotal:              0 kB
CmaFree:               0 kB
HugePages_Total:       0
HugePages_Free:        0
HugePages_Rsvd:        0
HugePages_Surp:        0
Hugepagesize:       2048 kB
DirectMap4k:      143296 kB
DirectMap2M:     4050944 kB

container (cgroup) information:
container_type: cgroupv1
cpu_cpuset_cpus: 0-1
cpu_memory_nodes: 0
active_processor_count: 2
cpu_quota: -1
cpu_period: 100000
cpu_shares: -1
memory_limit_in_bytes: -1
memory_and_swap_limit_in_bytes: -2
memory_soft_limit_in_bytes: -1
memory_usage_in_bytes: 3883151360
memory_max_usage_in_bytes: 0


CPU:total 2 (initial active 2) (2 cores per cpu, 1 threads per core) family 6 model 78 stepping 3, cmov, cx8, fxsr, mmx, sse, sse2, sse3, ssse3, sse4.1, sse4.2, popcnt, avx, avx2, aes, clmul, 3dnowpref, lzcnt, tsc, tscinvbit

/proc/cpuinfo:
processor	: 0
vendor_id	: GenuineIntel
cpu family	: 6
model		: 78
model name	: Intel(R) Core(TM) i7-6560U CPU @ 2.20GHz
stepping	: 3
cpu MHz		: 2207.996
cache size	: 4096 KB
physical id	: 0
siblings	: 2
core id		: 0
cpu cores	: 2
apicid		: 0
initial apicid	: 0
fpu		: yes
fpu_exception	: yes
cpuid level	: 22
wp		: yes
flags		: fpu vme de pse tsc msr pae mce cx8 apic sep mtrr pge mca cmov pat pse36 clflush mmx fxsr sse sse2 ht syscall nx rdtscp lm constant_tsc rep_good nopl xtopology nonstop_tsc cpuid pni pclmulqdq ssse3 cx16 pcid sse4_1 sse4_2 x2apic movbe popcnt aes xsave avx rdrand hypervisor lahf_lm abm 3dnowprefetch invpcid_single pti fsgsbase avx2 invpcid rdseed clflushopt
bugs		: cpu_meltdown spectre_v1 spectre_v2 spec_store_bypass l1tf
bogomips	: 4415.99
clflush size	: 64
cache_alignment	: 64
address sizes	: 39 bits physical, 48 bits virtual
power management:

processor	: 1
vendor_id	: GenuineIntel
cpu family	: 6
model		: 78
model name	: Intel(R) Core(TM) i7-6560U CPU @ 2.20GHz
stepping	: 3
cpu MHz		: 2207.996
cache size	: 4096 KB
physical id	: 0
siblings	: 2
core id		: 1
cpu cores	: 2
apicid		: 1
initial apicid	: 1
fpu		: yes
fpu_exception	: yes
cpuid level	: 22
wp		: yes
flags		: fpu vme de pse tsc msr pae mce cx8 apic sep mtrr pge mca cmov pat pse36 clflush mmx fxsr sse sse2 ht syscall nx rdtscp lm constant_tsc rep_good nopl xtopology nonstop_tsc cpuid pni pclmulqdq ssse3 cx16 pcid sse4_1 sse4_2 x2apic movbe popcnt aes xsave avx rdrand hypervisor lahf_lm abm 3dnowprefetch invpcid_single pti fsgsbase avx2 invpcid rdseed clflushopt
bugs		: cpu_meltdown spectre_v1 spectre_v2 spec_store_bypass l1tf
bogomips	: 4415.99
clflush size	: 64
cache_alignment	: 64
address sizes	: 39 bits physical, 48 bits virtual
power management:



Memory: 4k page, physical 4039536k(85184k free), swap 2097208k(0k free)

vm_info: OpenJDK 64-Bit Server VM (25.191-b12) for linux-amd64 JRE (1.8.0_191-8u191-b12-2ubuntu0.18.04.1-b12), built on Jan 14 2019 21:02:00 by "buildd" with gcc 7.3.0

time: Sat Mar 16 12:36:59 2019
elapsed time: 95 seconds (0d 0h 1m 35s)

